[2025-07-23 01:20:32.015 PM] [32minfo[39m: 	[32mServer running in development mode on port 5000[39m
[2025-07-23 01:20:33.112 PM] [32minfo[39m: 	[32mMongoDB Connected: ac-iaswbto-shard-00-00.mbnyxek.mongodb.net[39m
[2025-07-23 01:22:49.853 PM] [31merror[39m: 	[31mCannot set property query of #<IncomingMessage> which has only a getter[39m
[2025-07-23 01:23:17.852 PM] [31merror[39m: 	[31mCannot set property query of #<IncomingMessage> which has only a getter[39m
[2025-07-23 01:23:53.689 PM] [32minfo[39m: 	[32mServer running in development mode on port 5000[39m
[2025-07-23 01:23:54.596 PM] [32minfo[39m: 	[32mMongoDB Connected: ac-iaswbto-shard-00-01.mbnyxek.mongodb.net[39m
[2025-07-23 01:23:56.629 PM] [32minfo[39m: 	[32mServer running in development mode on port 5000[39m
[2025-07-23 01:23:57.396 PM] [32minfo[39m: 	[32mMongoDB Connected: ac-iaswbto-shard-00-00.mbnyxek.mongodb.net[39m
[2025-07-23 01:23:58.684 PM] [32minfo[39m: 	[32mServer running in development mode on port 5000[39m
[2025-07-23 01:23:59.428 PM] [32minfo[39m: 	[32mMongoDB Connected: ac-iaswbto-shard-00-01.mbnyxek.mongodb.net[39m
[2025-07-23 01:24:07.704 PM] [31merror[39m: 	[31mCannot set property query of #<IncomingMessage> which has only a getter[39m
[2025-07-23 01:24:21.749 PM] [32minfo[39m: 	[32mServer running in development mode on port 5000[39m
[2025-07-23 01:24:22.546 PM] [32minfo[39m: 	[32mMongoDB Connected: ac-iaswbto-shard-00-02.mbnyxek.mongodb.net[39m
[2025-07-23 01:24:53.181 PM] [32minfo[39m: 	[32mServer running in development mode on port 5000[39m
[2025-07-23 01:24:53.984 PM] [32minfo[39m: 	[32mMongoDB Connected: ac-iaswbto-shard-00-00.mbnyxek.mongodb.net[39m
[2025-07-23 01:24:57.701 PM] [32minfo[39m: 	[32m::1 - - [23/Jul/2025:07:54:57 +0000] "POST /api/auth/register HTTP/1.1" 201 514 "-" "PostmanRuntime/7.44.1"[39m
[2025-07-23 01:25:08.359 PM] [32minfo[39m: 	[32m::1 - - [23/Jul/2025:07:55:08 +0000] "POST /api/auth/register HTTP/1.1" 201 506 "-" "PostmanRuntime/7.44.1"[39m
[2025-07-23 01:25:16.635 PM] [32minfo[39m: 	[32m::1 - - [23/Jul/2025:07:55:16 +0000] "POST /api/auth/login HTTP/1.1" 200 494 "-" "PostmanRuntime/7.44.1"[39m
[2025-07-23 01:25:22.550 PM] [31merror[39m: 	[31mCannot read properties of undefined (reading 'id')[39m
[2025-07-23 01:25:22.551 PM] [32minfo[39m: 	[32m::1 - - [23/Jul/2025:07:55:22 +0000] "GET /api/auth/me HTTP/1.1" 500 1521 "-" "PostmanRuntime/7.44.1"[39m
[2025-07-23 01:27:48.019 PM] [32minfo[39m: 	[32mServer running in development mode on port 5000[39m
[2025-07-23 01:27:49.026 PM] [32minfo[39m: 	[32mMongoDB Connected: ac-iaswbto-shard-00-00.mbnyxek.mongodb.net[39m
[2025-07-23 03:46:14.094 PM] [32minfo[39m: 	[32mServer running in development mode on port 5000[39m
[2025-07-23 03:46:15.003 PM] [32minfo[39m: 	[32mMongoDB Connected: ac-iaswbto-shard-00-02.mbnyxek.mongodb.net[39m
[2025-07-23 03:46:23.913 PM] [31merror[39m: 	[31mCannot read properties of undefined (reading 'id')[39m
[2025-07-23 03:46:23.918 PM] [32minfo[39m: 	[32m::1 - - [23/Jul/2025:10:16:23 +0000] "GET /api/auth/me HTTP/1.1" 500 1521 "-" "PostmanRuntime/7.44.1"[39m
[2025-07-23 03:46:31.131 PM] [32minfo[39m: 	[32m::1 - - [23/Jul/2025:10:16:31 +0000] "POST /api/auth/login HTTP/1.1" 200 494 "-" "PostmanRuntime/7.44.1"[39m
[2025-07-23 03:46:49.215 PM] [31merror[39m: 	[31mCannot read properties of undefined (reading 'id')[39m
[2025-07-23 03:46:49.217 PM] [32minfo[39m: 	[32m::1 - - [23/Jul/2025:10:16:49 +0000] "GET /api/auth/me HTTP/1.1" 500 1521 "-" "PostmanRuntime/7.44.1"[39m
[2025-07-23 03:46:58.282 PM] [31merror[39m: 	[31mEmail already in use[39m
[2025-07-23 03:46:58.283 PM] [32minfo[39m: 	[32m::1 - - [23/Jul/2025:10:16:58 +0000] "POST /api/auth/register HTTP/1.1" 400 299 "-" "PostmanRuntime/7.44.1"[39m
[2025-07-23 03:47:22.762 PM] [32minfo[39m: 	[32m::1 - - [23/Jul/2025:10:17:22 +0000] "POST /api/auth/login HTTP/1.1" 200 502 "-" "PostmanRuntime/7.44.1"[39m
[2025-07-23 03:47:33.704 PM] [31merror[39m: 	[31mCannot read properties of undefined (reading 'id')[39m
[2025-07-23 03:47:33.705 PM] [32minfo[39m: 	[32m::1 - - [23/Jul/2025:10:17:33 +0000] "GET /api/auth/me HTTP/1.1" 500 1521 "-" "PostmanRuntime/7.44.1"[39m
[2025-07-23 03:48:28.880 PM] [32minfo[39m: 	[32mServer running in development mode on port 5000[39m
[2025-07-23 03:48:29.944 PM] [32minfo[39m: 	[32mMongoDB Connected: ac-iaswbto-shard-00-02.mbnyxek.mongodb.net[39m
[2025-07-23 03:48:48.369 PM] [32minfo[39m: 	[32mServer running in development mode on port 5000[39m
[2025-07-23 03:48:49.279 PM] [32minfo[39m: 	[32mMongoDB Connected: ac-iaswbto-shard-00-02.mbnyxek.mongodb.net[39m
[2025-07-23 03:49:06.040 PM] [32minfo[39m: 	[32m::1 - - [23/Jul/2025:10:19:06 +0000] "GET /api/auth/me HTTP/1.1" 200 298 "-" "PostmanRuntime/7.44.1"[39m
[2025-07-23 03:53:28.268 PM] [32minfo[39m: 	[32mServer running in development mode on port 5000[39m
[2025-07-23 03:53:29.615 PM] [32minfo[39m: 	[32mMongoDB Connected: ac-iaswbto-shard-00-00.mbnyxek.mongodb.net[39m
[2025-07-23 03:53:51.801 PM] [32minfo[39m: 	[32mServer running in development mode on port 5000[39m
[2025-07-23 03:53:52.723 PM] [32minfo[39m: 	[32mMongoDB Connected: ac-iaswbto-shard-00-02.mbnyxek.mongodb.net[39m
[2025-07-23 03:53:53.937 PM] [32minfo[39m: 	[32mServer running in development mode on port 5000[39m
[2025-07-23 03:53:54.788 PM] [32minfo[39m: 	[32mMongoDB Connected: ac-iaswbto-shard-00-02.mbnyxek.mongodb.net[39m
[2025-07-23 03:54:08.878 PM] [32minfo[39m: 	[32mServer running in development mode on port 5000[39m
[2025-07-23 03:54:09.799 PM] [32minfo[39m: 	[32mMongoDB Connected: ac-iaswbto-shard-00-00.mbnyxek.mongodb.net[39m
[2025-07-23 03:54:16.054 PM] [32minfo[39m: 	[32mServer running in development mode on port 5000[39m
[2025-07-23 03:54:16.960 PM] [32minfo[39m: 	[32mMongoDB Connected: ac-iaswbto-shard-00-01.mbnyxek.mongodb.net[39m
[2025-07-23 03:54:29.735 PM] [32minfo[39m: 	[32mServer running in development mode on port 5000[39m
[2025-07-23 03:54:30.640 PM] [32minfo[39m: 	[32mMongoDB Connected: ac-iaswbto-shard-00-00.mbnyxek.mongodb.net[39m
[2025-07-23 03:54:33.785 PM] [32minfo[39m: 	[32mServer running in development mode on port 5000[39m
[2025-07-23 03:54:34.683 PM] [32minfo[39m: 	[32mMongoDB Connected: ac-iaswbto-shard-00-01.mbnyxek.mongodb.net[39m
[2025-07-23 03:54:48.406 PM] [32minfo[39m: 	[32mServer running in development mode on port 5000[39m
[2025-07-23 03:54:49.324 PM] [32minfo[39m: 	[32mMongoDB Connected: ac-iaswbto-shard-00-01.mbnyxek.mongodb.net[39m
[2025-07-23 04:25:59.582 PM] [31merror[39m: 	[31mEmail already in use[39m
[2025-07-23 04:25:59.586 PM] [32minfo[39m: 	[32m::1 - - [23/Jul/2025:10:55:59 +0000] "POST /api/auth/register HTTP/1.1" 400 299 "-" "PostmanRuntime/7.44.1"[39m
[2025-07-23 04:26:04.434 PM] [32minfo[39m: 	[32m::1 - - [23/Jul/2025:10:56:04 +0000] "POST /api/auth/register HTTP/1.1" 201 583 "-" "PostmanRuntime/7.44.1"[39m
[2025-07-23 04:26:35.490 PM] [32minfo[39m: 	[32m::1 - - [23/Jul/2025:10:56:35 +0000] "POST /api/auth/register HTTP/1.1" 201 596 "-" "PostmanRuntime/7.44.1"[39m
[2025-07-23 04:26:39.592 PM] [31merror[39m: 	[31mUser validation failed: birthday: Path `birthday` is required., gender: Path `gender` is required.[39m
[2025-07-23 04:26:39.593 PM] [32minfo[39m: 	[32m::1 - - [23/Jul/2025:10:56:39 +0000] "POST /api/auth/login HTTP/1.1" 500 713 "-" "PostmanRuntime/7.44.1"[39m
[2025-07-23 04:27:05.390 PM] [32minfo[39m: 	[32m::1 - - [23/Jul/2025:10:57:05 +0000] "POST /api/auth/login HTTP/1.1" 200 584 "-" "PostmanRuntime/7.44.1"[39m
[2025-07-23 04:27:39.780 PM] [32minfo[39m: 	[32m::1 - - [23/Jul/2025:10:57:39 +0000] "GET /api/auth/me HTTP/1.1" 200 298 "-" "PostmanRuntime/7.44.1"[39m
[2025-07-23 04:30:18.256 PM] [32minfo[39m: 	[32mServer running in development mode on port 5000[39m
[2025-07-23 04:30:19.409 PM] [32minfo[39m: 	[32mMongoDB Connected: ac-iaswbto-shard-00-02.mbnyxek.mongodb.net[39m
[2025-07-23 04:30:38.689 PM] [32minfo[39m: 	[32mServer running in development mode on port 5000[39m
[2025-07-23 04:30:39.705 PM] [32minfo[39m: 	[32mMongoDB Connected: ac-iaswbto-shard-00-02.mbnyxek.mongodb.net[39m
[2025-07-23 04:30:50.211 PM] [32minfo[39m: 	[32mServer running in development mode on port 5000[39m
[2025-07-23 04:30:51.410 PM] [32minfo[39m: 	[32mMongoDB Connected: ac-iaswbto-shard-00-02.mbnyxek.mongodb.net[39m
[2025-07-23 04:31:15.331 PM] [32minfo[39m: 	[32m::1 - - [23/Jul/2025:11:01:15 +0000] "DELETE /api/user/6880bfe3a3d836b32dc228e8 HTTP/1.1" 404 175 "-" "PostmanRuntime/7.44.1"[39m
[2025-07-23 04:31:38.572 PM] [31merror[39m: 	[31mUser no longer exists[39m
[2025-07-23 04:31:38.575 PM] [32minfo[39m: 	[32m::1 - - [23/Jul/2025:11:01:38 +0000] "DELETE /api/users/6880bfe3a3d836b32dc228e8 HTTP/1.1" 401 289 "-" "PostmanRuntime/7.44.1"[39m
[2025-07-23 04:31:51.849 PM] [32minfo[39m: 	[32m::1 - - [23/Jul/2025:11:01:51 +0000] "POST /api/auth/login HTTP/1.1" 200 584 "-" "PostmanRuntime/7.44.1"[39m
[2025-07-23 04:32:03.641 PM] [31merror[39m: 	[31mUser no longer exists[39m
[2025-07-23 04:32:03.642 PM] [32minfo[39m: 	[32m::1 - - [23/Jul/2025:11:02:03 +0000] "DELETE /api/users/6880bfe3a3d836b32dc228e8 HTTP/1.1" 401 289 "-" "PostmanRuntime/7.44.1"[39m
[2025-07-23 04:33:54.830 PM] [31merror[39m: 	[31mNot authorized to access this route[39m
[2025-07-23 04:33:54.831 PM] [32minfo[39m: 	[32m::1 - - [23/Jul/2025:11:03:54 +0000] "GET /api/users HTTP/1.1" 401 1478 "-" "PostmanRuntime/7.44.1"[39m
[2025-07-23 04:34:22.632 PM] [31merror[39m: 	[31mNot authorized to access this route[39m
[2025-07-23 04:34:22.633 PM] [32minfo[39m: 	[32m::1 - - [23/Jul/2025:11:04:22 +0000] "GET /api/users HTTP/1.1" 403 702 "-" "PostmanRuntime/7.44.1"[39m
[2025-07-23 04:34:42.342 PM] [32minfo[39m: 	[32m::1 - - [23/Jul/2025:11:04:42 +0000] "POST /api/auth/register HTTP/1.1" 201 585 "-" "PostmanRuntime/7.44.1"[39m
[2025-07-23 04:34:56.525 PM] [32minfo[39m: 	[32m::1 - - [23/Jul/2025:11:04:56 +0000] "GET /api/users HTTP/1.1" 200 693 "-" "PostmanRuntime/7.44.1"[39m
[2025-07-23 04:35:42.682 PM] [32minfo[39m: 	[32mServer running in development mode on port 5000[39m
[2025-07-23 04:35:43.622 PM] [32minfo[39m: 	[32mMongoDB Connected: ac-iaswbto-shard-00-01.mbnyxek.mongodb.net[39m
[2025-07-23 04:35:45.588 PM] [32minfo[39m: 	[32mServer running in development mode on port 5000[39m
[2025-07-23 04:35:46.446 PM] [32minfo[39m: 	[32mMongoDB Connected: ac-iaswbto-shard-00-01.mbnyxek.mongodb.net[39m
[2025-07-23 04:35:49.535 PM] [32minfo[39m: 	[32mServer running in development mode on port 5000[39m
[2025-07-23 04:35:50.342 PM] [32minfo[39m: 	[32mMongoDB Connected: ac-iaswbto-shard-00-02.mbnyxek.mongodb.net[39m
[2025-07-23 04:35:54.671 PM] [32minfo[39m: 	[32mServer running in development mode on port 5000[39m
[2025-07-23 04:35:55.580 PM] [32minfo[39m: 	[32mMongoDB Connected: ac-iaswbto-shard-00-02.mbnyxek.mongodb.net[39m
[2025-07-23 04:36:01.039 PM] [32minfo[39m: 	[32mServer running in development mode on port 5000[39m
[2025-07-23 04:36:01.891 PM] [32minfo[39m: 	[32mMongoDB Connected: ac-iaswbto-shard-00-02.mbnyxek.mongodb.net[39m
[2025-07-23 04:36:23.735 PM] [31merror[39m: 	[31mNot authorized to access this route[39m
[2025-07-23 04:36:23.737 PM] [32minfo[39m: 	[32m::1 - - [23/Jul/2025:11:06:23 +0000] "GET /api/users/6880bfe3a3d836b32dc228e8 HTTP/1.1" 401 1468 "-" "PostmanRuntime/7.44.1"[39m
[2025-07-23 04:36:30.816 PM] [32minfo[39m: 	[32m::1 - - [23/Jul/2025:11:06:30 +0000] "GET /api/users/6880bfe3a3d836b32dc228e8 HTTP/1.1" 200 380 "-" "PostmanRuntime/7.44.1"[39m
[2025-07-23 04:37:41.420 PM] [32minfo[39m: 	[32mServer running in development mode on port 5000[39m
[2025-07-23 04:37:42.230 PM] [32minfo[39m: 	[32mMongoDB Connected: ac-iaswbto-shard-00-02.mbnyxek.mongodb.net[39m
[2025-07-23 04:38:14.645 PM] [32minfo[39m: 	[32mServer running in development mode on port 5000[39m
[2025-07-23 04:38:15.487 PM] [32minfo[39m: 	[32mMongoDB Connected: ac-iaswbto-shard-00-00.mbnyxek.mongodb.net[39m
[2025-07-23 04:38:20.001 PM] [32minfo[39m: 	[32mServer running in development mode on port 5000[39m
[2025-07-23 04:38:20.811 PM] [32minfo[39m: 	[32mMongoDB Connected: ac-iaswbto-shard-00-00.mbnyxek.mongodb.net[39m
[2025-07-23 04:38:48.296 PM] [32minfo[39m: 	[32m::1 - - [23/Jul/2025:11:08:48 +0000] "DELETE /api/users/6880bfe3a3d836b32dc228e8 HTTP/1.1" 200 54 "-" "PostmanRuntime/7.44.1"[39m
[2025-07-23 04:38:50.792 PM] [31merror[39m: 	[31mUser not found[39m
[2025-07-23 04:38:50.794 PM] [32minfo[39m: 	[32m::1 - - [23/Jul/2025:11:08:50 +0000] "DELETE /api/users/6880bfe3a3d836b32dc228e8 HTTP/1.1" 404 289 "-" "PostmanRuntime/7.44.1"[39m
[2025-07-23 04:39:10.040 PM] [32minfo[39m: 	[32mServer running in development mode on port 5000[39m
[2025-07-23 04:39:10.925 PM] [32minfo[39m: 	[32mMongoDB Connected: ac-iaswbto-shard-00-00.mbnyxek.mongodb.net[39m
[2025-07-23 04:39:58.376 PM] [31merror[39m: 	[31mUser not found[39m
[2025-07-23 04:39:58.379 PM] [32minfo[39m: 	[32m::1 - - [23/Jul/2025:11:09:58 +0000] "GET /api/users/6880bfe3a3d836b32dc228e8 HTTP/1.1" 404 286 "-" "PostmanRuntime/7.44.1"[39m
[2025-07-23 04:40:01.527 PM] [32minfo[39m: 	[32m::1 - - [23/Jul/2025:11:10:01 +0000] "GET /api/users HTTP/1.1" 200 376 "-" "PostmanRuntime/7.44.1"[39m
[2025-07-23 04:40:29.914 PM] [31merror[39m: 	[31mNot authorized to access this route[39m
[2025-07-23 04:40:29.915 PM] [32minfo[39m: 	[32m::1 - - [23/Jul/2025:11:10:29 +0000] "PUT /api/users/6880c1ca556523ac9ba8fe20 HTTP/1.1" 401 1468 "-" "PostmanRuntime/7.44.1"[39m
[2025-07-23 04:40:53.016 PM] [32minfo[39m: 	[32m::1 - - [23/Jul/2025:11:10:53 +0000] "PUT /api/users/6880c1ca556523ac9ba8fe20 HTTP/1.1" 200 364 "-" "PostmanRuntime/7.44.1"[39m
[2025-07-23 04:51:25.806 PM] [32minfo[39m: 	[32m::1 - - [23/Jul/2025:11:21:25 +0000] "PUT /api/users/6880c1ca556523ac9ba8fe20/deactivate HTTP/1.1" 200 369 "-" "PostmanRuntime/7.44.1"[39m
[2025-07-23 04:51:28.829 PM] [32minfo[39m: 	[32m::1 - - [23/Jul/2025:11:21:28 +0000] "PUT /api/users/6880c1ca556523ac9ba8fe20/deactivate HTTP/1.1" 200 369 "-" "PostmanRuntime/7.44.1"[39m
[2025-07-23 04:54:04.351 PM] [32minfo[39m: 	[32mServer running in development mode on port 5000[39m
[2025-07-23 04:54:05.632 PM] [32minfo[39m: 	[32mMongoDB Connected: ac-iaswbto-shard-00-01.mbnyxek.mongodb.net[39m
[2025-07-23 04:54:06.215 PM] [32minfo[39m: 	[32mServer running in development mode on port 5000[39m
[2025-07-23 04:54:07.318 PM] [32minfo[39m: 	[32mServer running in development mode on port 5000[39m
[2025-07-23 04:54:08.362 PM] [32minfo[39m: 	[32mMongoDB Connected: ac-iaswbto-shard-00-00.mbnyxek.mongodb.net[39m
[2025-07-23 04:54:10.812 PM] [32minfo[39m: 	[32mServer running in development mode on port 5000[39m
[2025-07-23 04:54:11.741 PM] [32minfo[39m: 	[32mMongoDB Connected: ac-iaswbto-shard-00-00.mbnyxek.mongodb.net[39m
[2025-07-23 04:54:13.910 PM] [32minfo[39m: 	[32mServer running in development mode on port 5000[39m
[2025-07-23 04:54:14.830 PM] [32minfo[39m: 	[32mMongoDB Connected: ac-iaswbto-shard-00-00.mbnyxek.mongodb.net[39m
[2025-07-23 04:54:18.984 PM] [32minfo[39m: 	[32mServer running in development mode on port 5000[39m
[2025-07-23 04:54:20.130 PM] [32minfo[39m: 	[32mMongoDB Connected: ac-iaswbto-shard-00-00.mbnyxek.mongodb.net[39m
[2025-07-23 04:54:25.665 PM] [32minfo[39m: 	[32mServer running in development mode on port 5000[39m
[2025-07-23 04:54:26.609 PM] [32minfo[39m: 	[32mMongoDB Connected: ac-iaswbto-shard-00-00.mbnyxek.mongodb.net[39m
[2025-07-23 04:54:30.716 PM] [32minfo[39m: 	[32mServer running in development mode on port 5000[39m
[2025-07-23 04:54:31.989 PM] [32minfo[39m: 	[32mMongoDB Connected: ac-iaswbto-shard-00-00.mbnyxek.mongodb.net[39m
[2025-07-23 04:54:33.407 PM] [32minfo[39m: 	[32mServer running in development mode on port 5000[39m
[2025-07-23 04:54:34.387 PM] [32minfo[39m: 	[32mMongoDB Connected: ac-iaswbto-shard-00-00.mbnyxek.mongodb.net[39m
[2025-07-23 04:54:44.872 PM] [32minfo[39m: 	[32mServer running in development mode on port 5000[39m
[2025-07-23 04:54:45.810 PM] [32minfo[39m: 	[32mMongoDB Connected: ac-iaswbto-shard-00-00.mbnyxek.mongodb.net[39m
[2025-07-23 04:54:50.005 PM] [32minfo[39m: 	[32mServer running in development mode on port 5000[39m
[2025-07-23 04:54:51.361 PM] [32minfo[39m: 	[32mServer running in development mode on port 5000[39m
[2025-07-23 04:54:52.368 PM] [32minfo[39m: 	[32mMongoDB Connected: ac-iaswbto-shard-00-00.mbnyxek.mongodb.net[39m
[2025-07-23 04:54:56.634 PM] [32minfo[39m: 	[32mServer running in development mode on port 5000[39m
[2025-07-23 04:54:57.632 PM] [32minfo[39m: 	[32mServer running in development mode on port 5000[39m
[2025-07-23 04:54:58.540 PM] [32minfo[39m: 	[32mMongoDB Connected: ac-iaswbto-shard-00-00.mbnyxek.mongodb.net[39m
[2025-07-23 04:55:05.130 PM] [32minfo[39m: 	[32mServer running in development mode on port 5000[39m
[2025-07-23 04:55:07.422 PM] [32minfo[39m: 	[32mServer running in development mode on port 5000[39m
[2025-07-23 04:55:08.630 PM] [32minfo[39m: 	[32mServer running in development mode on port 5000[39m
[2025-07-23 04:55:09.645 PM] [32minfo[39m: 	[32mMongoDB Connected: ac-iaswbto-shard-00-02.mbnyxek.mongodb.net[39m
[2025-07-23 04:55:13.151 PM] [32minfo[39m: 	[32mServer running in development mode on port 5000[39m
[2025-07-23 04:55:14.485 PM] [32minfo[39m: 	[32mMongoDB Connected: ac-iaswbto-shard-00-02.mbnyxek.mongodb.net[39m
[2025-07-23 04:55:16.102 PM] [32minfo[39m: 	[32mServer running in development mode on port 5000[39m
[2025-07-23 04:55:17.110 PM] [32minfo[39m: 	[32mMongoDB Connected: ac-iaswbto-shard-00-02.mbnyxek.mongodb.net[39m
[2025-07-23 04:55:17.729 PM] [32minfo[39m: 	[32mServer running in development mode on port 5000[39m
[2025-07-23 04:55:19.211 PM] [32minfo[39m: 	[32mMongoDB Connected: ac-iaswbto-shard-00-02.mbnyxek.mongodb.net[39m
[2025-07-23 04:55:20.145 PM] [32minfo[39m: 	[32mServer running in development mode on port 5000[39m
[2025-07-23 04:55:21.786 PM] [32minfo[39m: 	[32mServer running in development mode on port 5000[39m
[2025-07-23 04:55:22.784 PM] [32minfo[39m: 	[32mMongoDB Connected: ac-iaswbto-shard-00-02.mbnyxek.mongodb.net[39m
[2025-07-23 04:55:26.116 PM] [32minfo[39m: 	[32mServer running in development mode on port 5000[39m
[2025-07-23 04:55:27.371 PM] [32minfo[39m: 	[32mMongoDB Connected: ac-iaswbto-shard-00-02.mbnyxek.mongodb.net[39m
[2025-07-23 04:55:39.147 PM] [32minfo[39m: 	[32mServer running in development mode on port 5000[39m
[2025-07-23 04:55:40.084 PM] [32minfo[39m: 	[32mMongoDB Connected: ac-iaswbto-shard-00-02.mbnyxek.mongodb.net[39m
[2025-07-23 04:56:13.007 PM] [32minfo[39m: 	[32mServer running in development mode on port 5000[39m
[2025-07-23 04:56:14.002 PM] [32minfo[39m: 	[32mMongoDB Connected: ac-iaswbto-shard-00-00.mbnyxek.mongodb.net[39m
[2025-07-23 04:56:17.089 PM] [32minfo[39m: 	[32mServer running in development mode on port 5000[39m
[2025-07-23 04:56:18.004 PM] [32minfo[39m: 	[32mMongoDB Connected: ac-iaswbto-shard-00-00.mbnyxek.mongodb.net[39m
[2025-07-23 04:56:21.708 PM] [32minfo[39m: 	[32mServer running in development mode on port 5000[39m
[2025-07-23 04:56:22.661 PM] [32minfo[39m: 	[32mMongoDB Connected: ac-iaswbto-shard-00-00.mbnyxek.mongodb.net[39m
[2025-07-23 04:56:46.185 PM] [32minfo[39m: 	[32mServer running in development mode on port 5000[39m
[2025-07-23 04:56:47.523 PM] [32minfo[39m: 	[32mMongoDB Connected: ac-iaswbto-shard-00-00.mbnyxek.mongodb.net[39m
[2025-07-23 04:56:54.763 PM] [32minfo[39m: 	[32mServer running in development mode on port 5000[39m
[2025-07-23 04:56:57.791 PM] [32minfo[39m: 	[32mMongoDB Connected: ac-iaswbto-shard-00-00.mbnyxek.mongodb.net[39m
[2025-07-23 04:57:02.946 PM] [32minfo[39m: 	[32mServer running in development mode on port 5000[39m
[2025-07-23 04:57:05.137 PM] [32minfo[39m: 	[32mServer running in development mode on port 5000[39m
[2025-07-23 04:57:06.138 PM] [32minfo[39m: 	[32mServer running in development mode on port 5000[39m
[2025-07-23 04:57:07.010 PM] [32minfo[39m: 	[32mMongoDB Connected: ac-iaswbto-shard-00-00.mbnyxek.mongodb.net[39m
[2025-07-23 04:57:09.611 PM] [32minfo[39m: 	[32mServer running in development mode on port 5000[39m
[2025-07-23 04:57:10.784 PM] [32minfo[39m: 	[32mMongoDB Connected: ac-iaswbto-shard-00-00.mbnyxek.mongodb.net[39m
[2025-07-23 04:57:33.134 PM] [32minfo[39m: 	[32mServer running in development mode on port 5000[39m
[2025-07-23 04:57:34.180 PM] [32minfo[39m: 	[32mMongoDB Connected: ac-iaswbto-shard-00-00.mbnyxek.mongodb.net[39m
[2025-07-23 04:57:37.286 PM] [32minfo[39m: 	[32mServer running in development mode on port 5000[39m
[2025-07-23 04:57:38.271 PM] [32minfo[39m: 	[32mMongoDB Connected: ac-iaswbto-shard-00-00.mbnyxek.mongodb.net[39m
[2025-07-23 04:57:42.280 PM] [32minfo[39m: 	[32mServer running in development mode on port 5000[39m
[2025-07-23 04:57:43.265 PM] [32minfo[39m: 	[32mMongoDB Connected: ac-iaswbto-shard-00-00.mbnyxek.mongodb.net[39m
[2025-07-23 04:57:54.205 PM] [32minfo[39m: 	[32mServer running in development mode on port 5000[39m
[2025-07-23 04:57:55.175 PM] [32minfo[39m: 	[32mMongoDB Connected: ac-iaswbto-shard-00-00.mbnyxek.mongodb.net[39m
[2025-07-23 04:57:55.786 PM] [32minfo[39m: 	[32mServer running in development mode on port 5000[39m
[2025-07-23 04:57:56.889 PM] [32minfo[39m: 	[32mMongoDB Connected: ac-iaswbto-shard-00-00.mbnyxek.mongodb.net[39m
[2025-07-23 04:58:14.052 PM] [32minfo[39m: 	[32mServer running in development mode on port 5000[39m
[2025-07-23 04:58:14.992 PM] [32minfo[39m: 	[32mMongoDB Connected: ac-iaswbto-shard-00-00.mbnyxek.mongodb.net[39m
[2025-07-23 05:21:19.318 PM] [32minfo[39m: 	[32mServer running in development mode on port 5000[39m
[2025-07-23 05:21:20.443 PM] [32minfo[39m: 	[32mMongoDB Connected: ac-iaswbto-shard-00-01.mbnyxek.mongodb.net[39m
[2025-07-23 05:21:26.401 PM] [32minfo[39m: 	[32mServer running in development mode on port 5000[39m
[2025-07-23 05:21:27.324 PM] [32minfo[39m: 	[32mMongoDB Connected: ac-iaswbto-shard-00-01.mbnyxek.mongodb.net[39m
[2025-07-23 05:21:39.918 PM] [32minfo[39m: 	[32mServer running in development mode on port 5000[39m
[2025-07-23 05:21:41.251 PM] [32minfo[39m: 	[32mMongoDB Connected: ac-iaswbto-shard-00-01.mbnyxek.mongodb.net[39m
[2025-07-23 05:21:59.322 PM] [32minfo[39m: 	[32mServer running in development mode on port 5000[39m
[2025-07-23 05:22:00.266 PM] [32minfo[39m: 	[32mMongoDB Connected: ac-iaswbto-shard-00-01.mbnyxek.mongodb.net[39m
[2025-07-23 05:22:25.826 PM] [32minfo[39m: 	[32mServer running in development mode on port 5000[39m
[2025-07-23 05:22:26.835 PM] [32minfo[39m: 	[32mMongoDB Connected: ac-iaswbto-shard-00-02.mbnyxek.mongodb.net[39m
[2025-07-23 05:22:31.712 PM] [32minfo[39m: 	[32mServer running in development mode on port 5000[39m
[2025-07-23 05:22:32.832 PM] [32minfo[39m: 	[32mMongoDB Connected: ac-iaswbto-shard-00-02.mbnyxek.mongodb.net[39m
[2025-07-23 05:22:59.956 PM] [32minfo[39m: 	[32mServer running in development mode on port 5000[39m
[2025-07-23 05:23:01.048 PM] [32minfo[39m: 	[32mMongoDB Connected: ac-iaswbto-shard-00-02.mbnyxek.mongodb.net[39m
[2025-07-23 05:23:23.787 PM] [32minfo[39m: 	[32mServer running in development mode on port 5000[39m
[2025-07-23 05:23:24.696 PM] [32minfo[39m: 	[32mMongoDB Connected: ac-iaswbto-shard-00-02.mbnyxek.mongodb.net[39m
[2025-07-23 05:31:42.549 PM] [31merror[39m: 	[31mUser no longer exists[39m
[2025-07-23 05:31:42.552 PM] [32minfo[39m: 	[32m::1 - - [23/Jul/2025:12:01:42 +0000] "POST /api/attendance/check-in HTTP/1.1" 401 289 "-" "PostmanRuntime/7.44.1"[39m
[2025-07-23 05:31:56.356 PM] [31merror[39m: 	[31mUser no longer exists[39m
[2025-07-23 05:31:56.357 PM] [32minfo[39m: 	[32m::1 - - [23/Jul/2025:12:01:56 +0000] "POST /api/attendance/check-in HTTP/1.1" 401 289 "-" "PostmanRuntime/7.44.1"[39m
[2025-07-23 05:32:29.816 PM] [32minfo[39m: 	[32m::1 - - [23/Jul/2025:12:02:29 +0000] "POST /api/attendance/check-in HTTP/1.1" 201 292 "-" "PostmanRuntime/7.44.1"[39m
[2025-07-23 05:33:21.586 PM] [32minfo[39m: 	[32m::1 - - [23/Jul/2025:12:03:21 +0000] "POST /api/attendance/check-out HTTP/1.1" 200 351 "-" "PostmanRuntime/7.44.1"[39m
[2025-07-23 05:33:32.333 PM] [32minfo[39m: 	[32m::1 - - [23/Jul/2025:12:03:32 +0000] "GET /api/attendance/me HTTP/1.1" 200 352 "-" "PostmanRuntime/7.44.1"[39m
[2025-07-23 05:33:48.627 PM] [31merror[39m: 	[31mAlready checked in today[39m
[2025-07-23 05:33:48.628 PM] [32minfo[39m: 	[32m::1 - - [23/Jul/2025:12:03:48 +0000] "POST /api/attendance/check-in HTTP/1.1" 400 312 "-" "PostmanRuntime/7.44.1"[39m
[2025-07-23 05:33:58.139 PM] [32minfo[39m: 	[32m::1 - - [23/Jul/2025:12:03:58 +0000] "GET /api/attendance/me HTTP/1.1" 200 352 "-" "PostmanRuntime/7.44.1"[39m
[2025-07-23 05:34:10.122 PM] [32minfo[39m: 	[32mServer running in development mode on port 5000[39m
[2025-07-23 05:34:11.019 PM] [32minfo[39m: 	[32mMongoDB Connected: ac-iaswbto-shard-00-00.mbnyxek.mongodb.net[39m
[2025-07-23 05:34:14.724 PM] [32minfo[39m: 	[32mServer running in development mode on port 5000[39m
[2025-07-23 05:34:15.483 PM] [32minfo[39m: 	[32mMongoDB Connected: ac-iaswbto-shard-00-00.mbnyxek.mongodb.net[39m
[2025-07-23 05:34:16.234 PM] [32minfo[39m: 	[32mServer running in development mode on port 5000[39m
[2025-07-23 05:34:16.953 PM] [32minfo[39m: 	[32mMongoDB Connected: ac-iaswbto-shard-00-00.mbnyxek.mongodb.net[39m
[2025-07-23 05:34:18.996 PM] [32minfo[39m: 	[32mServer running in development mode on port 5000[39m
[2025-07-23 05:34:19.799 PM] [32minfo[39m: 	[32mMongoDB Connected: ac-iaswbto-shard-00-00.mbnyxek.mongodb.net[39m
[2025-07-23 05:34:20.751 PM] [32minfo[39m: 	[32mServer running in development mode on port 5000[39m
[2025-07-23 05:34:21.572 PM] [32minfo[39m: 	[32mMongoDB Connected: ac-iaswbto-shard-00-00.mbnyxek.mongodb.net[39m
[2025-07-23 05:34:30.979 PM] [32minfo[39m: 	[32mServer running in development mode on port 5000[39m
[2025-07-23 05:34:32.147 PM] [32minfo[39m: 	[32mMongoDB Connected: ac-iaswbto-shard-00-00.mbnyxek.mongodb.net[39m
[2025-07-23 05:34:33.572 PM] [32minfo[39m: 	[32mServer running in development mode on port 5000[39m
[2025-07-23 05:34:34.632 PM] [32minfo[39m: 	[32mMongoDB Connected: ac-iaswbto-shard-00-00.mbnyxek.mongodb.net[39m
[2025-07-23 05:34:51.700 PM] [32minfo[39m: 	[32mServer running in development mode on port 5000[39m
[2025-07-23 05:34:52.627 PM] [32minfo[39m: 	[32mMongoDB Connected: ac-iaswbto-shard-00-00.mbnyxek.mongodb.net[39m
[2025-07-23 05:35:09.740 PM] [32minfo[39m: 	[32mServer running in development mode on port 5000[39m
[2025-07-23 05:35:10.827 PM] [32minfo[39m: 	[32mServer running in development mode on port 5000[39m
[2025-07-23 05:35:12.403 PM] [32minfo[39m: 	[32mMongoDB Connected: ac-iaswbto-shard-00-01.mbnyxek.mongodb.net[39m
[2025-07-23 05:35:25.141 PM] [31merror[39m: 	[31mCast to ObjectId failed for value "EMP003" (type string) at path "_id" for model "User"[39m
[2025-07-23 05:35:25.144 PM] [32minfo[39m: 	[32m::1 - - [23/Jul/2025:12:05:25 +0000] "GET /api/attendance HTTP/1.1" 500 1513 "-" "PostmanRuntime/7.44.1"[39m
[2025-07-23 05:35:32.243 PM] [31merror[39m: 	[31mCast to ObjectId failed for value "EMP003" (type string) at path "_id" for model "User"[39m
[2025-07-23 05:35:32.245 PM] [32minfo[39m: 	[32m::1 - - [23/Jul/2025:12:05:32 +0000] "GET /api/attendance HTTP/1.1" 500 1513 "-" "PostmanRuntime/7.44.1"[39m
[2025-07-23 05:37:08.493 PM] [32minfo[39m: 	[32m::1 - - [23/Jul/2025:12:07:08 +0000] "GET /api/attendance/summary HTTP/1.1" 200 116 "-" "PostmanRuntime/7.44.1"[39m
[2025-07-23 05:37:49.177 PM] [32minfo[39m: 	[32m::1 - - [23/Jul/2025:12:07:49 +0000] "POST /api/auth/register HTTP/1.1" 201 613 "-" "PostmanRuntime/7.44.1"[39m
[2025-07-23 05:38:22.250 PM] [31merror[39m: 	[31mAlready checked in today[39m
[2025-07-23 05:38:22.251 PM] [32minfo[39m: 	[32m::1 - - [23/Jul/2025:12:08:22 +0000] "POST /api/attendance/check-in HTTP/1.1" 400 312 "-" "PostmanRuntime/7.44.1"[39m
[2025-07-23 05:38:28.408 PM] [32minfo[39m: 	[32m::1 - - [23/Jul/2025:12:08:28 +0000] "POST /api/attendance/check-in HTTP/1.1" 201 292 "-" "PostmanRuntime/7.44.1"[39m
[2025-07-23 05:38:41.994 PM] [32minfo[39m: 	[32m::1 - - [23/Jul/2025:12:08:41 +0000] "GET /api/attendance/summary HTTP/1.1" 200 116 "-" "PostmanRuntime/7.44.1"[39m
[2025-07-23 05:39:23.593 PM] [32minfo[39m: 	[32m::1 - - [23/Jul/2025:12:09:23 +0000] "POST /api/attendance/check-out HTTP/1.1" 200 351 "-" "PostmanRuntime/7.44.1"[39m
[2025-07-23 05:39:38.977 PM] [32minfo[39m: 	[32m::1 - - [23/Jul/2025:12:09:38 +0000] "GET /api/attendance/me HTTP/1.1" 200 352 "-" "PostmanRuntime/7.44.1"[39m
[2025-07-23 05:39:46.536 PM] [31merror[39m: 	[31mCast to ObjectId failed for value "EMP004" (type string) at path "_id" for model "User"[39m
[2025-07-23 05:39:46.538 PM] [32minfo[39m: 	[32m::1 - - [23/Jul/2025:12:09:46 +0000] "GET /api/attendance HTTP/1.1" 500 1513 "-" "PostmanRuntime/7.44.1"[39m
[2025-07-23 05:41:16.088 PM] [32minfo[39m: 	[32m::1 - - [23/Jul/2025:12:11:16 +0000] "GET /api/attendance?employeeId=EMP003&startDate=2023-01-01&endDate=2023-01-31 HTTP/1.1" 200 67 "-" "PostmanRuntime/7.44.1"[39m
[2025-07-23 05:41:38.305 PM] [31merror[39m: 	[31mCast to ObjectId failed for value "EMP003" (type string) at path "_id" for model "User"[39m
[2025-07-23 05:41:38.306 PM] [32minfo[39m: 	[32m::1 - - [23/Jul/2025:12:11:38 +0000] "GET /api/attendance?employeeId=EMP003&startDate=2025-07-01&endDate=2025-08-31 HTTP/1.1" 500 1513 "-" "PostmanRuntime/7.44.1"[39m
[2025-07-23 05:43:01.681 PM] [32minfo[39m: 	[32mServer running in development mode on port 5000[39m
[2025-07-23 05:43:03.203 PM] [32minfo[39m: 	[32mMongoDB Connected: ac-iaswbto-shard-00-00.mbnyxek.mongodb.net[39m
[2025-07-23 05:43:04.422 PM] [31merror[39m: 	[31mCast to ObjectId failed for value "EMP003" (type string) at path "_id" for model "User"[39m
[2025-07-23 05:43:04.426 PM] [32minfo[39m: 	[32m::1 - - [23/Jul/2025:12:13:04 +0000] "GET /api/attendance?employeeId=EMP003&startDate=2025-07-01&endDate=2025-08-31 HTTP/1.1" 500 1513 "-" "PostmanRuntime/7.44.1"[39m
[2025-07-23 05:44:38.609 PM] [32minfo[39m: 	[32mServer running in development mode on port 5000[39m
[2025-07-23 05:44:41.439 PM] [32minfo[39m: 	[32mMongoDB Connected: ac-iaswbto-shard-00-02.mbnyxek.mongodb.net[39m
[2025-07-23 05:45:39.033 PM] [32minfo[39m: 	[32mServer running in development mode on port 5000[39m
[2025-07-23 05:45:39.131 PM] [31merror[39m: 	[31mError connecting to MongoDB: querySrv ENOTFOUND _mongodb._tcp.employee-attendance-man.mbnyxek.mongodb.net[39m
[2025-07-23 05:45:40.011 PM] [32minfo[39m: 	[32mServer running in development mode on port 5000[39m
[2025-07-23 05:45:46.937 PM] [32minfo[39m: 	[32mMongoDB Connected: ac-iaswbto-shard-00-02.mbnyxek.mongodb.net[39m
[2025-07-23 05:45:52.092 PM] [31merror[39m: 	[31mCast to ObjectId failed for value "EMP003" (type string) at path "_id" for model "User"[39m
[2025-07-23 05:45:52.095 PM] [32minfo[39m: 	[32m::1 - - [23/Jul/2025:12:15:52 +0000] "GET /api/attendance?employeeId=EMP003&startDate=2025-07-01&endDate=2025-08-31 HTTP/1.1" 500 1513 "-" "PostmanRuntime/7.44.1"[39m
[2025-07-23 05:46:41.267 PM] [32minfo[39m: 	[32mServer running in development mode on port 5000[39m
[2025-07-23 05:46:41.299 PM] [31merror[39m: 	[31mError connecting to MongoDB: querySrv ENOTFOUND _mongodb._tcp.employee-attendance-man.mbnyxek.mongodb.net[39m
[2025-07-23 05:46:47.358 PM] [32minfo[39m: 	[32mServer running in development mode on port 5000[39m
[2025-07-23 05:46:49.429 PM] [32minfo[39m: 	[32mMongoDB Connected: ac-iaswbto-shard-00-02.mbnyxek.mongodb.net[39m
[2025-07-23 05:46:52.699 PM] [32minfo[39m: 	[32m::1 - - [23/Jul/2025:12:16:52 +0000] "GET /api/attendance?employeeId=EMP003&startDate=2025-07-01&endDate=2025-08-31 HTTP/1.1" 200 484 "-" "PostmanRuntime/7.44.1"[39m
[2025-07-23 05:54:11.842 PM] [32minfo[39m: 	[32m::1 - - [23/Jul/2025:12:24:11 +0000] "GET /api/attendance/summary?month=1&year=2023 HTTP/1.1" 200 116 "-" "PostmanRuntime/7.44.1"[39m
[2025-07-23 05:54:16.337 PM] [32minfo[39m: 	[32m::1 - - [23/Jul/2025:12:24:16 +0000] "GET /api/attendance/summary?month=7&year=2023 HTTP/1.1" 200 116 "-" "PostmanRuntime/7.44.1"[39m
[2025-07-23 05:54:22.584 PM] [32minfo[39m: 	[32m::1 - - [23/Jul/2025:12:24:22 +0000] "GET /api/attendance/summary?month=7&year=2025 HTTP/1.1" 200 130 "-" "PostmanRuntime/7.44.1"[39m
[2025-07-23 05:55:14.319 PM] [32minfo[39m: 	[32mServer running in development mode on port 5000[39m
[2025-07-23 05:55:15.638 PM] [32minfo[39m: 	[32mServer running in development mode on port 5000[39m
[2025-07-23 05:55:17.836 PM] [32minfo[39m: 	[32mServer running in development mode on port 5000[39m
[2025-07-23 05:55:20.417 PM] [32minfo[39m: 	[32mMongoDB Connected: ac-iaswbto-shard-00-02.mbnyxek.mongodb.net[39m
[2025-07-23 05:55:23.163 PM] [32minfo[39m: 	[32mServer running in development mode on port 5000[39m
[2025-07-23 05:55:25.009 PM] [32minfo[39m: 	[32mServer running in development mode on port 5000[39m
[2025-07-23 05:55:26.423 PM] [32minfo[39m: 	[32mMongoDB Connected: ac-iaswbto-shard-00-02.mbnyxek.mongodb.net[39m
[2025-07-23 05:55:27.217 PM] [32minfo[39m: 	[32mServer running in development mode on port 5000[39m
[2025-07-23 05:55:28.708 PM] [32minfo[39m: 	[32mMongoDB Connected: ac-iaswbto-shard-00-02.mbnyxek.mongodb.net[39m
[2025-07-23 05:55:31.010 PM] [32minfo[39m: 	[32mServer running in development mode on port 5000[39m
[2025-07-23 05:55:32.079 PM] [32minfo[39m: 	[32mServer running in development mode on port 5000[39m
[2025-07-23 05:55:33.465 PM] [32minfo[39m: 	[32mMongoDB Connected: ac-iaswbto-shard-00-02.mbnyxek.mongodb.net[39m
[2025-07-23 05:55:36.616 PM] [32minfo[39m: 	[32mServer running in development mode on port 5000[39m
[2025-07-23 05:55:38.017 PM] [32minfo[39m: 	[32mMongoDB Connected: ac-iaswbto-shard-00-02.mbnyxek.mongodb.net[39m
[2025-07-23 05:55:39.501 PM] [32minfo[39m: 	[32mServer running in development mode on port 5000[39m
[2025-07-23 05:55:41.037 PM] [32minfo[39m: 	[32mMongoDB Connected: ac-iaswbto-shard-00-01.mbnyxek.mongodb.net[39m
[2025-07-23 05:55:47.107 PM] [32minfo[39m: 	[32mServer running in development mode on port 5000[39m
[2025-07-23 05:55:48.491 PM] [32minfo[39m: 	[32mMongoDB Connected: ac-iaswbto-shard-00-00.mbnyxek.mongodb.net[39m
[2025-07-23 05:55:53.328 PM] [32minfo[39m: 	[32mServer running in development mode on port 5000[39m
[2025-07-23 05:55:54.696 PM] [32minfo[39m: 	[32mMongoDB Connected: ac-iaswbto-shard-00-02.mbnyxek.mongodb.net[39m
[2025-07-23 05:55:57.755 PM] [32minfo[39m: 	[32mServer running in development mode on port 5000[39m
[2025-07-23 05:55:59.158 PM] [32minfo[39m: 	[32mMongoDB Connected: ac-iaswbto-shard-00-00.mbnyxek.mongodb.net[39m
[2025-07-23 05:56:08.388 PM] [32minfo[39m: 	[32mServer running in development mode on port 5000[39m
[2025-07-23 05:56:09.889 PM] [32minfo[39m: 	[32mMongoDB Connected: ac-iaswbto-shard-00-02.mbnyxek.mongodb.net[39m
[2025-07-23 01:02:27.242 PM] [32minfo[39m: 	[32mServer running in development mode on port 5000[39m
[2025-07-23 01:02:29.771 PM] [32minfo[39m: 	[32mMongoDB Connected: mongo[39m
[2025-07-23 01:03:33.998 PM] [31merror[39m: 	[31mcommand find requires authentication[39m
[2025-07-23 01:03:34.002 PM] [32minfo[39m: 	[32m::ffff:172.18.0.1 - - [23/Jul/2025:13:03:34 +0000] "POST /api/auth/register HTTP/1.1" 500 1063 "-" "PostmanRuntime/7.44.1"[39m
[2025-07-23 01:03:50.737 PM] [31merror[39m: 	[31mcommand find requires authentication[39m
[2025-07-23 01:03:50.738 PM] [32minfo[39m: 	[32m::ffff:172.18.0.1 - - [23/Jul/2025:13:03:50 +0000] "POST /api/auth/register HTTP/1.1" 500 1063 "-" "PostmanRuntime/7.44.1"[39m
[2025-07-23 01:10:16.567 PM] [32minfo[39m: 	[32mServer running in development mode on port 5000[39m
[2025-07-23 01:10:17.642 PM] [32minfo[39m: 	[32mMongoDB Connected: ac-iaswbto-shard-00-00.mbnyxek.mongodb.net[39m
[2025-07-23 01:10:23.600 PM] [32minfo[39m: 	[32m::ffff:172.18.0.1 - - [23/Jul/2025:13:10:23 +0000] "POST /api/auth/register HTTP/1.1" 201 613 "-" "PostmanRuntime/7.44.1"[39m
[2025-07-23 01:10:31.987 PM] [31merror[39m: 	[31mEmail already in use[39m
[2025-07-23 01:10:31.988 PM] [32minfo[39m: 	[32m::ffff:172.18.0.1 - - [23/Jul/2025:13:10:31 +0000] "POST /api/auth/register HTTP/1.1" 400 239 "-" "PostmanRuntime/7.44.1"[39m
[2025-07-23 01:13:06.755 PM] [31merror[39m: 	[31mUser no longer exists[39m
[2025-07-23 01:13:06.757 PM] [32minfo[39m: 	[32m::ffff:172.18.0.1 - - [23/Jul/2025:13:13:06 +0000] "POST /api/attendance/check-in HTTP/1.1" 401 229 "-" "PostmanRuntime/7.44.1"[39m
[2025-07-23 01:13:29.957 PM] [31merror[39m: 	[31mUser no longer exists[39m
[2025-07-23 01:13:29.958 PM] [32minfo[39m: 	[32m::ffff:172.18.0.1 - - [23/Jul/2025:13:13:29 +0000] "POST /api/attendance/check-in HTTP/1.1" 401 229 "-" "PostmanRuntime/7.44.1"[39m
[2025-07-23 01:14:00.579 PM] [32minfo[39m: 	[32m::ffff:172.18.0.1 - - [23/Jul/2025:13:14:00 +0000] "POST /api/auth/login HTTP/1.1" 200 601 "-" "PostmanRuntime/7.44.1"[39m
[2025-07-23 01:14:13.679 PM] [31merror[39m: 	[31mEmployee not found[39m
[2025-07-23 01:14:13.680 PM] [32minfo[39m: 	[32m::ffff:172.18.0.1 - - [23/Jul/2025:13:14:13 +0000] "POST /api/attendance/check-in HTTP/1.1" 404 240 "-" "PostmanRuntime/7.44.1"[39m
[2025-07-23 01:14:52.719 PM] [32minfo[39m: 	[32m::ffff:172.18.0.1 - - [23/Jul/2025:13:14:52 +0000] "POST /api/auth/register HTTP/1.1" 201 614 "-" "PostmanRuntime/7.44.1"[39m
[2025-07-23 01:15:01.858 PM] [32minfo[39m: 	[32m::ffff:172.18.0.1 - - [23/Jul/2025:13:15:01 +0000] "POST /api/attendance/check-in HTTP/1.1" 201 292 "-" "PostmanRuntime/7.44.1"[39m
[2025-07-24 09:52:19.010 AM] [32minfo[39m: 	[32mServer running in development mode on port 5000[39m
[2025-07-24 09:52:20.541 AM] [32minfo[39m: 	[32mMongoDB Connected: ac-iaswbto-shard-00-00.mbnyxek.mongodb.net[39m
[2025-07-24 10:01:15.589 AM] [32minfo[39m: 	[32m::1 - - [24/Jul/2025:04:31:15 +0000] "POST /api/auth/register HTTP/1.1" 201 611 "http://localhost:5173/" "Mozilla/5.0 (Windows NT 10.0; Win64; x64) AppleWebKit/537.36 (KHTML, like Gecko) Chrome/138.0.0.0 Safari/537.36"[39m
[2025-07-24 10:04:00.574 AM] [32minfo[39m: 	[32m::1 - - [24/Jul/2025:04:34:00 +0000] "POST /api/auth/register HTTP/1.1" 201 600 "http://localhost:5173/" "Mozilla/5.0 (Windows NT 10.0; Win64; x64) AppleWebKit/537.36 (KHTML, like Gecko) Chrome/138.0.0.0 Safari/537.36"[39m
[2025-07-24 10:08:11.638 AM] [32minfo[39m: 	[32m::1 - - [24/Jul/2025:04:38:11 +0000] "POST /api/auth/login HTTP/1.1" 200 599 "http://localhost:5173/" "Mozilla/5.0 (Windows NT 10.0; Win64; x64) AppleWebKit/537.36 (KHTML, like Gecko) Chrome/138.0.0.0 Safari/537.36"[39m
[2025-07-24 10:15:22.545 AM] [32minfo[39m: 	[32m::1 - - [24/Jul/2025:04:45:22 +0000] "GET /api/auth/profile HTTP/1.1" 404 155 "http://localhost:5173/" "Mozilla/5.0 (Windows NT 10.0; Win64; x64) AppleWebKit/537.36 (KHTML, like Gecko) Chrome/138.0.0.0 Safari/537.36"[39m
[2025-07-24 10:15:36.791 AM] [32minfo[39m: 	[32m::1 - - [24/Jul/2025:04:45:36 +0000] "GET /api/auth/profile HTTP/1.1" 404 155 "http://localhost:5173/" "Mozilla/5.0 (Windows NT 10.0; Win64; x64) AppleWebKit/537.36 (KHTML, like Gecko) Chrome/138.0.0.0 Safari/537.36"[39m
[2025-07-24 10:21:41.731 AM] [32minfo[39m: 	[32m::1 - - [24/Jul/2025:04:51:41 +0000] "GET /api/auth/me HTTP/1.1" 200 395 "http://localhost:5173/" "Mozilla/5.0 (Windows NT 10.0; Win64; x64) AppleWebKit/537.36 (KHTML, like Gecko) Chrome/138.0.0.0 Safari/537.36"[39m
[2025-07-24 10:21:56.561 AM] [32minfo[39m: 	[32m::1 - - [24/Jul/2025:04:51:56 +0000] "PUT /api/users/6881b7133fdd1db95ab97aa6 HTTP/1.1" 200 393 "http://localhost:5173/" "Mozilla/5.0 (Windows NT 10.0; Win64; x64) AppleWebKit/537.36 (KHTML, like Gecko) Chrome/138.0.0.0 Safari/537.36"[39m
[2025-07-24 10:21:56.832 AM] [32minfo[39m: 	[32m::1 - - [24/Jul/2025:04:51:56 +0000] "GET /api/auth/me HTTP/1.1" 200 395 "http://localhost:5173/" "Mozilla/5.0 (Windows NT 10.0; Win64; x64) AppleWebKit/537.36 (KHTML, like Gecko) Chrome/138.0.0.0 Safari/537.36"[39m
[2025-07-24 10:22:00.471 AM] [32minfo[39m: 	[32m::1 - - [24/Jul/2025:04:52:00 +0000] "GET /api/auth/me HTTP/1.1" 304 - "http://localhost:5173/" "Mozilla/5.0 (Windows NT 10.0; Win64; x64) AppleWebKit/537.36 (KHTML, like Gecko) Chrome/138.0.0.0 Safari/537.36"[39m
[2025-07-24 10:22:23.101 AM] [32minfo[39m: 	[32m::1 - - [24/Jul/2025:04:52:23 +0000] "PUT /api/users/6881b7133fdd1db95ab97aa6 HTTP/1.1" 200 393 "http://localhost:5173/" "Mozilla/5.0 (Windows NT 10.0; Win64; x64) AppleWebKit/537.36 (KHTML, like Gecko) Chrome/138.0.0.0 Safari/537.36"[39m
[2025-07-24 10:22:23.361 AM] [32minfo[39m: 	[32m::1 - - [24/Jul/2025:04:52:23 +0000] "GET /api/auth/me HTTP/1.1" 200 395 "http://localhost:5173/" "Mozilla/5.0 (Windows NT 10.0; Win64; x64) AppleWebKit/537.36 (KHTML, like Gecko) Chrome/138.0.0.0 Safari/537.36"[39m
[2025-07-24 10:22:52.051 AM] [32minfo[39m: 	[32m::1 - - [24/Jul/2025:04:52:52 +0000] "PUT /api/users/6881b7133fdd1db95ab97aa6 HTTP/1.1" 200 393 "http://localhost:5173/" "Mozilla/5.0 (Windows NT 10.0; Win64; x64) AppleWebKit/537.36 (KHTML, like Gecko) Chrome/138.0.0.0 Safari/537.36"[39m
[2025-07-24 10:22:52.329 AM] [32minfo[39m: 	[32m::1 - - [24/Jul/2025:04:52:52 +0000] "GET /api/auth/me HTTP/1.1" 200 395 "http://localhost:5173/" "Mozilla/5.0 (Windows NT 10.0; Win64; x64) AppleWebKit/537.36 (KHTML, like Gecko) Chrome/138.0.0.0 Safari/537.36"[39m
[2025-07-24 10:22:59.610 AM] [32minfo[39m: 	[32m::1 - - [24/Jul/2025:04:52:59 +0000] "GET /api/auth/me HTTP/1.1" 304 - "http://localhost:5173/" "Mozilla/5.0 (Windows NT 10.0; Win64; x64) AppleWebKit/537.36 (KHTML, like Gecko) Chrome/138.0.0.0 Safari/537.36"[39m
[2025-07-24 10:24:45.067 AM] [31merror[39m: 	[31mUser no longer exists[39m
[2025-07-24 10:24:45.069 AM] [32minfo[39m: 	[32m::1 - - [24/Jul/2025:04:54:45 +0000] "PUT /api/users/6880c1ca556523ac9ba8fe20 HTTP/1.1" 401 289 "-" "PostmanRuntime/7.44.1"[39m
[2025-07-24 10:24:53.217 AM] [31merror[39m: 	[31mEmail already in use[39m
[2025-07-24 10:24:53.218 AM] [32minfo[39m: 	[32m::1 - - [24/Jul/2025:04:54:53 +0000] "POST /api/auth/register HTTP/1.1" 400 299 "-" "PostmanRuntime/7.44.1"[39m
[2025-07-24 10:24:59.921 AM] [32minfo[39m: 	[32m::1 - - [24/Jul/2025:04:54:59 +0000] "POST /api/auth/register HTTP/1.1" 201 614 "-" "PostmanRuntime/7.44.1"[39m
[2025-07-24 10:25:18.784 AM] [31merror[39m: 	[31mUser no longer exists[39m
[2025-07-24 10:25:18.784 AM] [32minfo[39m: 	[32m::1 - - [24/Jul/2025:04:55:18 +0000] "PUT /api/users/6880c1ca556523ac9ba8fe20 HTTP/1.1" 401 289 "-" "PostmanRuntime/7.44.1"[39m
[2025-07-24 10:25:31.924 AM] [31merror[39m: 	[31mUser no longer exists[39m
[2025-07-24 10:25:31.925 AM] [32minfo[39m: 	[32m::1 - - [24/Jul/2025:04:55:31 +0000] "PUT /api/users/6881bca33fdd1db95ab97ac6 HTTP/1.1" 401 289 "-" "PostmanRuntime/7.44.1"[39m
[2025-07-24 10:25:47.243 AM] [32minfo[39m: 	[32m::1 - - [24/Jul/2025:04:55:47 +0000] "PUT /api/users/6881bca33fdd1db95ab97ac6 HTTP/1.1" 200 377 "-" "PostmanRuntime/7.44.1"[39m
[2025-07-24 10:25:57.137 AM] [32minfo[39m: 	[32m::1 - - [24/Jul/2025:04:55:57 +0000] "PUT /api/users/6881b7133fdd1db95ab97aa6 HTTP/1.1" 200 393 "http://localhost:5173/" "Mozilla/5.0 (Windows NT 10.0; Win64; x64) AppleWebKit/537.36 (KHTML, like Gecko) Chrome/138.0.0.0 Safari/537.36"[39m
[2025-07-24 10:25:57.416 AM] [32minfo[39m: 	[32m::1 - - [24/Jul/2025:04:55:57 +0000] "GET /api/auth/me HTTP/1.1" 200 395 "http://localhost:5173/" "Mozilla/5.0 (Windows NT 10.0; Win64; x64) AppleWebKit/537.36 (KHTML, like Gecko) Chrome/138.0.0.0 Safari/537.36"[39m
[2025-07-24 10:29:36.030 AM] [32minfo[39m: 	[32m::1 - - [24/Jul/2025:04:59:36 +0000] "GET /api/auth/me HTTP/1.1" 304 - "http://localhost:5173/" "Mozilla/5.0 (Windows NT 10.0; Win64; x64) AppleWebKit/537.36 (KHTML, like Gecko) Chrome/138.0.0.0 Safari/537.36"[39m
[2025-07-24 10:29:36.904 AM] [32minfo[39m: 	[32m::1 - - [24/Jul/2025:04:59:36 +0000] "GET /api/auth/me HTTP/1.1" 304 - "http://localhost:5173/" "Mozilla/5.0 (Windows NT 10.0; Win64; x64) AppleWebKit/537.36 (KHTML, like Gecko) Chrome/138.0.0.0 Safari/537.36"[39m
[2025-07-24 10:30:02.659 AM] [32minfo[39m: 	[32m::1 - - [24/Jul/2025:05:00:02 +0000] "PUT /api/users/6881b7133fdd1db95ab97aa6 HTTP/1.1" 200 393 "http://localhost:5173/" "Mozilla/5.0 (Windows NT 10.0; Win64; x64) AppleWebKit/537.36 (KHTML, like Gecko) Chrome/138.0.0.0 Safari/537.36"[39m
[2025-07-24 10:30:02.930 AM] [32minfo[39m: 	[32m::1 - - [24/Jul/2025:05:00:02 +0000] "GET /api/auth/me HTTP/1.1" 200 395 "http://localhost:5173/" "Mozilla/5.0 (Windows NT 10.0; Win64; x64) AppleWebKit/537.36 (KHTML, like Gecko) Chrome/138.0.0.0 Safari/537.36"[39m
[2025-07-24 10:32:05.900 AM] [32minfo[39m: 	[32m::1 - - [24/Jul/2025:05:02:05 +0000] "GET /api/auth/me HTTP/1.1" 304 - "http://localhost:5173/" "Mozilla/5.0 (Windows NT 10.0; Win64; x64) AppleWebKit/537.36 (KHTML, like Gecko) Chrome/138.0.0.0 Safari/537.36"[39m
[2025-07-24 10:32:29.274 AM] [32minfo[39m: 	[32m::1 - - [24/Jul/2025:05:02:29 +0000] "PUT /api/users/6881b7133fdd1db95ab97aa6 HTTP/1.1" 200 393 "http://localhost:5173/" "Mozilla/5.0 (Windows NT 10.0; Win64; x64) AppleWebKit/537.36 (KHTML, like Gecko) Chrome/138.0.0.0 Safari/537.36"[39m
[2025-07-24 10:32:36.715 AM] [32minfo[39m: 	[32m::1 - - [24/Jul/2025:05:02:36 +0000] "PUT /api/users/6881b7133fdd1db95ab97aa6 HTTP/1.1" 200 396 "http://localhost:5173/" "Mozilla/5.0 (Windows NT 10.0; Win64; x64) AppleWebKit/537.36 (KHTML, like Gecko) Chrome/138.0.0.0 Safari/537.36"[39m
[2025-07-24 10:33:00.543 AM] [32minfo[39m: 	[32m::1 - - [24/Jul/2025:05:03:00 +0000] "PUT /api/users/6881b7133fdd1db95ab97aa6 HTTP/1.1" 200 400 "http://localhost:5173/" "Mozilla/5.0 (Windows NT 10.0; Win64; x64) AppleWebKit/537.36 (KHTML, like Gecko) Chrome/138.0.0.0 Safari/537.36"[39m
[2025-07-24 10:36:19.382 AM] [32minfo[39m: 	[32m::1 - - [24/Jul/2025:05:06:19 +0000] "POST /api/auth/login HTTP/1.1" 200 606 "http://localhost:5173/" "Mozilla/5.0 (Windows NT 10.0; Win64; x64) AppleWebKit/537.36 (KHTML, like Gecko) Chrome/138.0.0.0 Safari/537.36"[39m
[2025-07-24 10:41:44.394 AM] [31merror[39m: 	[31mUser no longer exists[39m
[2025-07-24 10:41:44.395 AM] [32minfo[39m: 	[32m::1 - - [24/Jul/2025:05:11:44 +0000] "GET /api/users HTTP/1.1" 401 289 "-" "PostmanRuntime/7.44.1"[39m
[2025-07-24 10:41:50.311 AM] [31merror[39m: 	[31mUser validation failed: birthday: Cast to date failed for value "Invalid Date" (type Date) at path "birthday", gender: Path `gender` is required.[39m
[2025-07-24 10:41:50.312 AM] [32minfo[39m: 	[32m::1 - - [24/Jul/2025:05:11:50 +0000] "POST /api/auth/register HTTP/1.1" 500 1562 "-" "PostmanRuntime/7.44.1"[39m
[2025-07-24 10:42:16.292 AM] [31merror[39m: 	[31mPassword must be at least 8 characters[39m
[2025-07-24 10:42:16.293 AM] [32minfo[39m: 	[32m::1 - - [24/Jul/2025:05:12:16 +0000] "POST /api/auth/register HTTP/1.1" 400 309 "-" "PostmanRuntime/7.44.1"[39m
[2025-07-24 10:42:30.035 AM] [32minfo[39m: 	[32m::1 - - [24/Jul/2025:05:12:30 +0000] "POST /api/auth/register HTTP/1.1" 201 575 "-" "PostmanRuntime/7.44.1"[39m
[2025-07-24 10:42:44.909 AM] [32minfo[39m: 	[32m::1 - - [24/Jul/2025:05:12:44 +0000] "GET /api/users HTTP/1.1" 200 2011 "-" "PostmanRuntime/7.44.1"[39m
[2025-07-24 10:44:42.614 AM] [31merror[39m: 	[31mNot authorized to access this route[39m
[2025-07-24 10:44:42.615 AM] [32minfo[39m: 	[32m::1 - - [24/Jul/2025:05:14:42 +0000] "GET /api/users HTTP/1.1" 403 702 "http://localhost:5173/" "Mozilla/5.0 (Windows NT 10.0; Win64; x64) AppleWebKit/537.36 (KHTML, like Gecko) Chrome/138.0.0.0 Safari/537.36"[39m
[2025-07-24 10:44:51.654 AM] [31merror[39m: 	[31mNot authorized to access this route[39m
[2025-07-24 10:44:51.655 AM] [32minfo[39m: 	[32m::1 - - [24/Jul/2025:05:14:51 +0000] "GET /api/users HTTP/1.1" 403 702 "http://localhost:5173/" "Mozilla/5.0 (Windows NT 10.0; Win64; x64) AppleWebKit/537.36 (KHTML, like Gecko) Chrome/138.0.0.0 Safari/537.36"[39m
[2025-07-24 10:45:16.156 AM] [32minfo[39m: 	[32m::1 - - [24/Jul/2025:05:15:16 +0000] "POST /api/auth/login HTTP/1.1" 200 563 "http://localhost:5173/" "Mozilla/5.0 (Windows NT 10.0; Win64; x64) AppleWebKit/537.36 (KHTML, like Gecko) Chrome/138.0.0.0 Safari/537.36"[39m
[2025-07-24 10:45:25.680 AM] [32minfo[39m: 	[32m::1 - - [24/Jul/2025:05:15:25 +0000] "GET /api/users HTTP/1.1" 200 2011 "http://localhost:5173/" "Mozilla/5.0 (Windows NT 10.0; Win64; x64) AppleWebKit/537.36 (KHTML, like Gecko) Chrome/138.0.0.0 Safari/537.36"[39m
[2025-07-24 10:47:08.179 AM] [32minfo[39m: 	[32m::1 - - [24/Jul/2025:05:17:08 +0000] "GET /api/users HTTP/1.1" 304 - "http://localhost:5173/" "Mozilla/5.0 (Windows NT 10.0; Win64; x64) AppleWebKit/537.36 (KHTML, like Gecko) Chrome/138.0.0.0 Safari/537.36"[39m
[2025-07-24 10:47:11.113 AM] [32minfo[39m: 	[32m::1 - - [24/Jul/2025:05:17:11 +0000] "GET /api/users HTTP/1.1" 304 - "http://localhost:5173/" "Mozilla/5.0 (Windows NT 10.0; Win64; x64) AppleWebKit/537.36 (KHTML, like Gecko) Chrome/138.0.0.0 Safari/537.36"[39m
[2025-07-24 10:47:59.338 AM] [32minfo[39m: 	[32m::1 - - [24/Jul/2025:05:17:59 +0000] "GET /api/users HTTP/1.1" 304 - "http://localhost:5173/" "Mozilla/5.0 (Windows NT 10.0; Win64; x64) AppleWebKit/537.36 (KHTML, like Gecko) Chrome/138.0.0.0 Safari/537.36"[39m
[2025-07-24 10:48:03.989 AM] [32minfo[39m: 	[32m::1 - - [24/Jul/2025:05:18:03 +0000] "GET /api/users HTTP/1.1" 304 - "http://localhost:5173/" "Mozilla/5.0 (Windows NT 10.0; Win64; x64) AppleWebKit/537.36 (KHTML, like Gecko) Chrome/138.0.0.0 Safari/537.36"[39m
[2025-07-24 10:48:05.559 AM] [32minfo[39m: 	[32m::1 - - [24/Jul/2025:05:18:05 +0000] "GET /api/users HTTP/1.1" 304 - "http://localhost:5173/" "Mozilla/5.0 (Windows NT 10.0; Win64; x64) AppleWebKit/537.36 (KHTML, like Gecko) Chrome/138.0.0.0 Safari/537.36"[39m
[2025-07-24 10:48:08.122 AM] [32minfo[39m: 	[32m::1 - - [24/Jul/2025:05:18:08 +0000] "GET /api/users HTTP/1.1" 304 - "http://localhost:5173/" "Mozilla/5.0 (Windows NT 10.0; Win64; x64) AppleWebKit/537.36 (KHTML, like Gecko) Chrome/138.0.0.0 Safari/537.36"[39m
[2025-07-24 10:48:19.245 AM] [32minfo[39m: 	[32m::1 - - [24/Jul/2025:05:18:19 +0000] "GET /api/users HTTP/1.1" 304 - "http://localhost:5173/" "Mozilla/5.0 (Windows NT 10.0; Win64; x64) AppleWebKit/537.36 (KHTML, like Gecko) Chrome/138.0.0.0 Safari/537.36"[39m
[2025-07-24 10:48:26.929 AM] [32minfo[39m: 	[32m::1 - - [24/Jul/2025:05:18:26 +0000] "GET /api/users HTTP/1.1" 304 - "http://localhost:5173/" "Mozilla/5.0 (Windows NT 10.0; Win64; x64) AppleWebKit/537.36 (KHTML, like Gecko) Chrome/138.0.0.0 Safari/537.36"[39m
[2025-07-24 10:48:28.817 AM] [32minfo[39m: 	[32m::1 - - [24/Jul/2025:05:18:28 +0000] "GET /api/users HTTP/1.1" 304 - "http://localhost:5173/" "Mozilla/5.0 (Windows NT 10.0; Win64; x64) AppleWebKit/537.36 (KHTML, like Gecko) Chrome/138.0.0.0 Safari/537.36"[39m
[2025-07-24 10:48:30.982 AM] [32minfo[39m: 	[32m::1 - - [24/Jul/2025:05:18:30 +0000] "GET /api/users HTTP/1.1" 304 - "http://localhost:5173/" "Mozilla/5.0 (Windows NT 10.0; Win64; x64) AppleWebKit/537.36 (KHTML, like Gecko) Chrome/138.0.0.0 Safari/537.36"[39m
[2025-07-24 10:48:52.538 AM] [32minfo[39m: 	[32m::1 - - [24/Jul/2025:05:18:52 +0000] "GET /api/users HTTP/1.1" 304 - "http://localhost:5173/" "Mozilla/5.0 (Windows NT 10.0; Win64; x64) AppleWebKit/537.36 (KHTML, like Gecko) Chrome/138.0.0.0 Safari/537.36"[39m
[2025-07-24 10:48:53.067 AM] [32minfo[39m: 	[32m::1 - - [24/Jul/2025:05:18:53 +0000] "GET /api/users HTTP/1.1" 304 - "http://localhost:5173/" "Mozilla/5.0 (Windows NT 10.0; Win64; x64) AppleWebKit/537.36 (KHTML, like Gecko) Chrome/138.0.0.0 Safari/537.36"[39m
[2025-07-24 10:48:55.248 AM] [32minfo[39m: 	[32m::1 - - [24/Jul/2025:05:18:55 +0000] "GET /api/users HTTP/1.1" 304 - "http://localhost:5173/" "Mozilla/5.0 (Windows NT 10.0; Win64; x64) AppleWebKit/537.36 (KHTML, like Gecko) Chrome/138.0.0.0 Safari/537.36"[39m
[2025-07-24 10:49:01.413 AM] [32minfo[39m: 	[32m::1 - - [24/Jul/2025:05:19:01 +0000] "GET /api/users HTTP/1.1" 304 - "http://localhost:5173/" "Mozilla/5.0 (Windows NT 10.0; Win64; x64) AppleWebKit/537.36 (KHTML, like Gecko) Chrome/138.0.0.0 Safari/537.36"[39m
[2025-07-24 10:49:14.804 AM] [32minfo[39m: 	[32m::1 - - [24/Jul/2025:05:19:14 +0000] "GET /api/users HTTP/1.1" 304 - "http://localhost:5173/" "Mozilla/5.0 (Windows NT 10.0; Win64; x64) AppleWebKit/537.36 (KHTML, like Gecko) Chrome/138.0.0.0 Safari/537.36"[39m
[2025-07-24 10:49:16.816 AM] [32minfo[39m: 	[32m::1 - - [24/Jul/2025:05:19:16 +0000] "GET /api/users HTTP/1.1" 304 - "http://localhost:5173/" "Mozilla/5.0 (Windows NT 10.0; Win64; x64) AppleWebKit/537.36 (KHTML, like Gecko) Chrome/138.0.0.0 Safari/537.36"[39m
[2025-07-24 10:49:18.316 AM] [32minfo[39m: 	[32m::1 - - [24/Jul/2025:05:19:18 +0000] "GET /api/users HTTP/1.1" 304 - "http://localhost:5173/" "Mozilla/5.0 (Windows NT 10.0; Win64; x64) AppleWebKit/537.36 (KHTML, like Gecko) Chrome/138.0.0.0 Safari/537.36"[39m
[2025-07-24 10:49:19.741 AM] [32minfo[39m: 	[32m::1 - - [24/Jul/2025:05:19:19 +0000] "GET /api/users HTTP/1.1" 304 - "http://localhost:5173/" "Mozilla/5.0 (Windows NT 10.0; Win64; x64) AppleWebKit/537.36 (KHTML, like Gecko) Chrome/138.0.0.0 Safari/537.36"[39m
[2025-07-24 10:49:27.368 AM] [32minfo[39m: 	[32m::1 - - [24/Jul/2025:05:19:27 +0000] "GET /api/users HTTP/1.1" 304 - "http://localhost:5173/" "Mozilla/5.0 (Windows NT 10.0; Win64; x64) AppleWebKit/537.36 (KHTML, like Gecko) Chrome/138.0.0.0 Safari/537.36"[39m
[2025-07-24 10:49:30.880 AM] [32minfo[39m: 	[32m::1 - - [24/Jul/2025:05:19:30 +0000] "GET /api/users HTTP/1.1" 304 - "http://localhost:5173/" "Mozilla/5.0 (Windows NT 10.0; Win64; x64) AppleWebKit/537.36 (KHTML, like Gecko) Chrome/138.0.0.0 Safari/537.36"[39m
[2025-07-24 10:49:35.047 AM] [32minfo[39m: 	[32m::1 - - [24/Jul/2025:05:19:35 +0000] "GET /api/users HTTP/1.1" 304 - "http://localhost:5173/" "Mozilla/5.0 (Windows NT 10.0; Win64; x64) AppleWebKit/537.36 (KHTML, like Gecko) Chrome/138.0.0.0 Safari/537.36"[39m
[2025-07-24 10:49:38.746 AM] [32minfo[39m: 	[32m::1 - - [24/Jul/2025:05:19:38 +0000] "GET /api/users HTTP/1.1" 304 - "http://localhost:5173/" "Mozilla/5.0 (Windows NT 10.0; Win64; x64) AppleWebKit/537.36 (KHTML, like Gecko) Chrome/138.0.0.0 Safari/537.36"[39m
[2025-07-24 10:49:40.846 AM] [32minfo[39m: 	[32m::1 - - [24/Jul/2025:05:19:40 +0000] "GET /api/users HTTP/1.1" 304 - "http://localhost:5173/" "Mozilla/5.0 (Windows NT 10.0; Win64; x64) AppleWebKit/537.36 (KHTML, like Gecko) Chrome/138.0.0.0 Safari/537.36"[39m
[2025-07-24 10:50:35.197 AM] [31merror[39m: 	[31mUser not found[39m
[2025-07-24 10:50:35.198 AM] [32minfo[39m: 	[32m::1 - - [24/Jul/2025:05:20:35 +0000] "PUT /api/users/6880c1ca556523ac9ba8fe20/deactivate HTTP/1.1" 404 293 "-" "PostmanRuntime/7.44.1"[39m
[2025-07-24 10:50:50.734 AM] [32minfo[39m: 	[32m::1 - - [24/Jul/2025:05:20:50 +0000] "PUT /api/users/6881b7b83fdd1db95ab97aab/deactivate HTTP/1.1" 200 387 "-" "PostmanRuntime/7.44.1"[39m
[2025-07-24 10:50:54.327 AM] [32minfo[39m: 	[32m::1 - - [24/Jul/2025:05:20:54 +0000] "GET /api/users HTTP/1.1" 200 2012 "http://localhost:5173/" "Mozilla/5.0 (Windows NT 10.0; Win64; x64) AppleWebKit/537.36 (KHTML, like Gecko) Chrome/138.0.0.0 Safari/537.36"[39m
[2025-07-24 10:54:07.290 AM] [32minfo[39m: 	[32m::1 - - [24/Jul/2025:05:24:07 +0000] "POST /api/auth/login HTTP/1.1" 200 606 "http://localhost:5173/" "Mozilla/5.0 (Windows NT 10.0; Win64; x64) AppleWebKit/537.36 (KHTML, like Gecko) Chrome/138.0.0.0 Safari/537.36"[39m
[2025-07-24 11:07:05.524 AM] [32minfo[39m: 	[32m::1 - - [24/Jul/2025:05:37:05 +0000] "POST /api/auth/login HTTP/1.1" 200 563 "http://localhost:5173/" "Mozilla/5.0 (Windows NT 10.0; Win64; x64) AppleWebKit/537.36 (KHTML, like Gecko) Chrome/138.0.0.0 Safari/537.36"[39m
[2025-07-24 11:07:11.436 AM] [32minfo[39m: 	[32m::1 - - [24/Jul/2025:05:37:11 +0000] "GET /api/users HTTP/1.1" 200 2012 "http://localhost:5173/" "Mozilla/5.0 (Windows NT 10.0; Win64; x64) AppleWebKit/537.36 (KHTML, like Gecko) Chrome/138.0.0.0 Safari/537.36"[39m
[2025-07-24 11:07:18.396 AM] [32minfo[39m: 	[32m::1 - - [24/Jul/2025:05:37:18 +0000] "DELETE /api/users/6881bca33fdd1db95ab97ac6 HTTP/1.1" 200 54 "http://localhost:5173/" "Mozilla/5.0 (Windows NT 10.0; Win64; x64) AppleWebKit/537.36 (KHTML, like Gecko) Chrome/138.0.0.0 Safari/537.36"[39m
[2025-07-24 11:07:20.751 AM] [32minfo[39m: 	[32m::1 - - [24/Jul/2025:05:37:20 +0000] "GET /api/users HTTP/1.1" 200 1696 "http://localhost:5173/" "Mozilla/5.0 (Windows NT 10.0; Win64; x64) AppleWebKit/537.36 (KHTML, like Gecko) Chrome/138.0.0.0 Safari/537.36"[39m
[2025-07-24 11:08:32.869 AM] [32minfo[39m: 	[32m::1 - - [24/Jul/2025:05:38:32 +0000] "GET /api/attendance?employeeId=EMP003&startDate=2025-07-01&endDate=2025-08-31 HTTP/1.1" 200 67 "-" "PostmanRuntime/7.44.1"[39m
[2025-07-24 11:08:41.694 AM] [32minfo[39m: 	[32m::1 - - [24/Jul/2025:05:38:41 +0000] "GET /api/attendance?employeeId=EMP002&startDate=2025-07-01&endDate=2025-08-31 HTTP/1.1" 200 67 "-" "PostmanRuntime/7.44.1"[39m
[2025-07-24 11:08:48.711 AM] [32minfo[39m: 	[32m::1 - - [24/Jul/2025:05:38:48 +0000] "GET /api/attendance?employeeId=EMP001&startDate=2025-07-01&endDate=2025-08-31 HTTP/1.1" 200 457 "-" "PostmanRuntime/7.44.1"[39m
[2025-07-24 11:11:01.210 AM] [32minfo[39m: 	[32m::1 - - [24/Jul/2025:05:41:01 +0000] "GET /api/users HTTP/1.1" 304 - "http://localhost:5173/" "Mozilla/5.0 (Windows NT 10.0; Win64; x64) AppleWebKit/537.36 (KHTML, like Gecko) Chrome/138.0.0.0 Safari/537.36"[39m
[2025-07-24 11:11:17.901 AM] [32minfo[39m: 	[32m::1 - - [24/Jul/2025:05:41:17 +0000] "GET /api/users HTTP/1.1" 304 - "http://localhost:5173/" "Mozilla/5.0 (Windows NT 10.0; Win64; x64) AppleWebKit/537.36 (KHTML, like Gecko) Chrome/138.0.0.0 Safari/537.36"[39m
[2025-07-24 11:11:42.513 AM] [32minfo[39m: 	[32m::1 - - [24/Jul/2025:05:41:42 +0000] "GET /api/users HTTP/1.1" 304 - "http://localhost:5173/" "Mozilla/5.0 (Windows NT 10.0; Win64; x64) AppleWebKit/537.36 (KHTML, like Gecko) Chrome/138.0.0.0 Safari/537.36"[39m
[2025-07-24 11:11:52.832 AM] [32minfo[39m: 	[32m::1 - - [24/Jul/2025:05:41:52 +0000] "GET /api/attendance?employeeId=EMP001&startDate=2025-07-20&endDate=2025-07-25 HTTP/1.1" 200 457 "http://localhost:5173/" "Mozilla/5.0 (Windows NT 10.0; Win64; x64) AppleWebKit/537.36 (KHTML, like Gecko) Chrome/138.0.0.0 Safari/537.36"[39m
[2025-07-24 11:12:13.848 AM] [31merror[39m: 	[31mUser no longer exists[39m
[2025-07-24 11:12:13.849 AM] [32minfo[39m: 	[32m::1 - - [24/Jul/2025:05:42:13 +0000] "POST /api/attendance/check-out HTTP/1.1" 401 289 "-" "PostmanRuntime/7.44.1"[39m
[2025-07-24 11:12:29.121 AM] [31merror[39m: 	[31mUser no longer exists[39m
[2025-07-24 11:12:29.122 AM] [32minfo[39m: 	[32m::1 - - [24/Jul/2025:05:42:29 +0000] "POST /api/attendance/check-in HTTP/1.1" 401 289 "-" "PostmanRuntime/7.44.1"[39m
[2025-07-24 11:12:50.567 AM] [31merror[39m: 	[31mUser no longer exists[39m
[2025-07-24 11:12:50.568 AM] [32minfo[39m: 	[32m::1 - - [24/Jul/2025:05:42:50 +0000] "POST /api/attendance/check-in HTTP/1.1" 401 289 "-" "PostmanRuntime/7.44.1"[39m
[2025-07-24 11:13:25.037 AM] [31merror[39m: 	[31mUser no longer exists[39m
[2025-07-24 11:13:25.037 AM] [32minfo[39m: 	[32m::1 - - [24/Jul/2025:05:43:25 +0000] "POST /api/attendance/check-in HTTP/1.1" 401 289 "-" "PostmanRuntime/7.44.1"[39m
[2025-07-24 11:13:32.078 AM] [31merror[39m: 	[31mUser no longer exists[39m
[2025-07-24 11:13:32.078 AM] [32minfo[39m: 	[32m::1 - - [24/Jul/2025:05:43:32 +0000] "POST /api/attendance/check-in HTTP/1.1" 401 289 "-" "PostmanRuntime/7.44.1"[39m
[2025-07-24 11:13:37.599 AM] [31merror[39m: 	[31mUser no longer exists[39m
[2025-07-24 11:13:37.600 AM] [32minfo[39m: 	[32m::1 - - [24/Jul/2025:05:43:37 +0000] "POST /api/attendance/check-in HTTP/1.1" 401 289 "-" "PostmanRuntime/7.44.1"[39m
[2025-07-24 11:13:41.457 AM] [31merror[39m: 	[31mUser no longer exists[39m
[2025-07-24 11:13:41.457 AM] [32minfo[39m: 	[32m::1 - - [24/Jul/2025:05:43:41 +0000] "POST /api/attendance/check-in HTTP/1.1" 401 289 "-" "PostmanRuntime/7.44.1"[39m
[2025-07-24 11:13:46.691 AM] [31merror[39m: 	[31mUser no longer exists[39m
[2025-07-24 11:13:46.692 AM] [32minfo[39m: 	[32m::1 - - [24/Jul/2025:05:43:46 +0000] "POST /api/attendance/check-in HTTP/1.1" 401 289 "-" "PostmanRuntime/7.44.1"[39m
[2025-07-24 11:13:50.781 AM] [31merror[39m: 	[31mUser no longer exists[39m
[2025-07-24 11:13:50.782 AM] [32minfo[39m: 	[32m::1 - - [24/Jul/2025:05:43:50 +0000] "POST /api/attendance/check-in HTTP/1.1" 401 289 "-" "PostmanRuntime/7.44.1"[39m
[2025-07-24 11:13:55.420 AM] [31merror[39m: 	[31mUser no longer exists[39m
[2025-07-24 11:13:55.421 AM] [32minfo[39m: 	[32m::1 - - [24/Jul/2025:05:43:55 +0000] "POST /api/attendance/check-in HTTP/1.1" 401 289 "-" "PostmanRuntime/7.44.1"[39m
[2025-07-24 11:14:11.045 AM] [32minfo[39m: 	[32m::1 - - [24/Jul/2025:05:44:11 +0000] "GET /api/users HTTP/1.1" 200 1696 "-" "PostmanRuntime/7.44.1"[39m
[2025-07-24 11:14:19.242 AM] [31merror[39m: 	[31mUser no longer exists[39m
[2025-07-24 11:14:19.243 AM] [32minfo[39m: 	[32m::1 - - [24/Jul/2025:05:44:19 +0000] "POST /api/attendance/check-in HTTP/1.1" 401 289 "-" "PostmanRuntime/7.44.1"[39m
[2025-07-24 11:17:48.283 AM] [32minfo[39m: 	[32mServer running in development mode on port 5000[39m
[2025-07-24 11:17:50.113 AM] [32minfo[39m: 	[32mMongoDB Connected: ac-iaswbto-shard-00-02.mbnyxek.mongodb.net[39m
[2025-07-24 11:17:56.423 AM] [32minfo[39m: 	[32m::1 - - [24/Jul/2025:05:47:56 +0000] "POST /api/attendance/check-in HTTP/1.1" 201 292 "-" "PostmanRuntime/7.44.1"[39m
[2025-07-24 11:18:57.550 AM] [32minfo[39m: 	[32m::1 - - [24/Jul/2025:05:48:57 +0000] "POST /api/attendance/check-out HTTP/1.1" 200 351 "-" "PostmanRuntime/7.44.1"[39m
[2025-07-24 11:19:12.920 AM] [32minfo[39m: 	[32m::1 - - [24/Jul/2025:05:49:12 +0000] "GET /api/attendance?employeeId=EMP001&startDate=2025-07-20&endDate=2025-07-25 HTTP/1.1" 200 906 "http://localhost:5173/" "Mozilla/5.0 (Windows NT 10.0; Win64; x64) AppleWebKit/537.36 (KHTML, like Gecko) Chrome/138.0.0.0 Safari/537.36"[39m
[2025-07-24 11:19:24.174 AM] [32minfo[39m: 	[32m::1 - - [24/Jul/2025:05:49:24 +0000] "GET /api/attendance?employeeId=EMP001&startDate=2025-07-01&endDate=2025-08-31 HTTP/1.1" 200 906 "-" "PostmanRuntime/7.44.1"[39m
[2025-07-24 11:19:56.812 AM] [32minfo[39m: 	[32m::1 - - [24/Jul/2025:05:49:56 +0000] "GET /api/users HTTP/1.1" 304 - "http://localhost:5173/" "Mozilla/5.0 (Windows NT 10.0; Win64; x64) AppleWebKit/537.36 (KHTML, like Gecko) Chrome/138.0.0.0 Safari/537.36"[39m
[2025-07-24 11:20:02.279 AM] [32minfo[39m: 	[32m::1 - - [24/Jul/2025:05:50:02 +0000] "GET /api/users HTTP/1.1" 304 - "http://localhost:5173/" "Mozilla/5.0 (Windows NT 10.0; Win64; x64) AppleWebKit/537.36 (KHTML, like Gecko) Chrome/138.0.0.0 Safari/537.36"[39m
[2025-07-24 11:20:07.429 AM] [32minfo[39m: 	[32m::1 - - [24/Jul/2025:05:50:07 +0000] "GET /api/users HTTP/1.1" 304 - "http://localhost:5173/" "Mozilla/5.0 (Windows NT 10.0; Win64; x64) AppleWebKit/537.36 (KHTML, like Gecko) Chrome/138.0.0.0 Safari/537.36"[39m
[2025-07-24 11:20:18.582 AM] [32minfo[39m: 	[32m::1 - - [24/Jul/2025:05:50:18 +0000] "GET /api/users HTTP/1.1" 304 - "http://localhost:5173/" "Mozilla/5.0 (Windows NT 10.0; Win64; x64) AppleWebKit/537.36 (KHTML, like Gecko) Chrome/138.0.0.0 Safari/537.36"[39m
[2025-07-24 11:20:21.373 AM] [32minfo[39m: 	[32m::1 - - [24/Jul/2025:05:50:21 +0000] "GET /api/users HTTP/1.1" 304 - "http://localhost:5173/" "Mozilla/5.0 (Windows NT 10.0; Win64; x64) AppleWebKit/537.36 (KHTML, like Gecko) Chrome/138.0.0.0 Safari/537.36"[39m
[2025-07-24 11:23:52.901 AM] [32minfo[39m: 	[32m::1 - - [24/Jul/2025:05:53:52 +0000] "GET /api/users HTTP/1.1" 304 - "http://localhost:5173/" "Mozilla/5.0 (Windows NT 10.0; Win64; x64) AppleWebKit/537.36 (KHTML, like Gecko) Chrome/138.0.0.0 Safari/537.36"[39m
[2025-07-24 11:23:53.889 AM] [32minfo[39m: 	[32m::1 - - [24/Jul/2025:05:53:53 +0000] "GET /api/users HTTP/1.1" 304 - "http://localhost:5173/" "Mozilla/5.0 (Windows NT 10.0; Win64; x64) AppleWebKit/537.36 (KHTML, like Gecko) Chrome/138.0.0.0 Safari/537.36"[39m
[2025-07-24 11:23:59.926 AM] [32minfo[39m: 	[32m::1 - - [24/Jul/2025:05:53:59 +0000] "GET /api/users HTTP/1.1" 304 - "http://localhost:5173/" "Mozilla/5.0 (Windows NT 10.0; Win64; x64) AppleWebKit/537.36 (KHTML, like Gecko) Chrome/138.0.0.0 Safari/537.36"[39m
[2025-07-24 11:24:02.989 AM] [32minfo[39m: 	[32m::1 - - [24/Jul/2025:05:54:02 +0000] "GET /api/users HTTP/1.1" 304 - "http://localhost:5173/" "Mozilla/5.0 (Windows NT 10.0; Win64; x64) AppleWebKit/537.36 (KHTML, like Gecko) Chrome/138.0.0.0 Safari/537.36"[39m
[2025-07-24 11:24:05.883 AM] [32minfo[39m: 	[32m::1 - - [24/Jul/2025:05:54:05 +0000] "GET /api/users HTTP/1.1" 304 - "http://localhost:5173/" "Mozilla/5.0 (Windows NT 10.0; Win64; x64) AppleWebKit/537.36 (KHTML, like Gecko) Chrome/138.0.0.0 Safari/537.36"[39m
[2025-07-24 11:24:09.011 AM] [32minfo[39m: 	[32m::1 - - [24/Jul/2025:05:54:09 +0000] "GET /api/users HTTP/1.1" 304 - "http://localhost:5173/" "Mozilla/5.0 (Windows NT 10.0; Win64; x64) AppleWebKit/537.36 (KHTML, like Gecko) Chrome/138.0.0.0 Safari/537.36"[39m
[2025-07-24 11:24:10.895 AM] [32minfo[39m: 	[32m::1 - - [24/Jul/2025:05:54:10 +0000] "GET /api/users HTTP/1.1" 304 - "http://localhost:5173/" "Mozilla/5.0 (Windows NT 10.0; Win64; x64) AppleWebKit/537.36 (KHTML, like Gecko) Chrome/138.0.0.0 Safari/537.36"[39m
[2025-07-24 11:24:13.882 AM] [32minfo[39m: 	[32m::1 - - [24/Jul/2025:05:54:13 +0000] "GET /api/users HTTP/1.1" 304 - "http://localhost:5173/" "Mozilla/5.0 (Windows NT 10.0; Win64; x64) AppleWebKit/537.36 (KHTML, like Gecko) Chrome/138.0.0.0 Safari/537.36"[39m
[2025-07-24 11:24:15.918 AM] [32minfo[39m: 	[32m::1 - - [24/Jul/2025:05:54:15 +0000] "GET /api/users HTTP/1.1" 304 - "http://localhost:5173/" "Mozilla/5.0 (Windows NT 10.0; Win64; x64) AppleWebKit/537.36 (KHTML, like Gecko) Chrome/138.0.0.0 Safari/537.36"[39m
[2025-07-24 11:24:18.942 AM] [32minfo[39m: 	[32m::1 - - [24/Jul/2025:05:54:18 +0000] "GET /api/users HTTP/1.1" 304 - "http://localhost:5173/" "Mozilla/5.0 (Windows NT 10.0; Win64; x64) AppleWebKit/537.36 (KHTML, like Gecko) Chrome/138.0.0.0 Safari/537.36"[39m
[2025-07-24 11:24:20.914 AM] [32minfo[39m: 	[32m::1 - - [24/Jul/2025:05:54:20 +0000] "GET /api/users HTTP/1.1" 304 - "http://localhost:5173/" "Mozilla/5.0 (Windows NT 10.0; Win64; x64) AppleWebKit/537.36 (KHTML, like Gecko) Chrome/138.0.0.0 Safari/537.36"[39m
[2025-07-24 11:24:24.889 AM] [32minfo[39m: 	[32m::1 - - [24/Jul/2025:05:54:24 +0000] "GET /api/users HTTP/1.1" 304 - "http://localhost:5173/" "Mozilla/5.0 (Windows NT 10.0; Win64; x64) AppleWebKit/537.36 (KHTML, like Gecko) Chrome/138.0.0.0 Safari/537.36"[39m
[2025-07-24 11:25:28.189 AM] [32minfo[39m: 	[32m::1 - - [24/Jul/2025:05:55:28 +0000] "GET /api/users HTTP/1.1" 304 - "http://localhost:5173/" "Mozilla/5.0 (Windows NT 10.0; Win64; x64) AppleWebKit/537.36 (KHTML, like Gecko) Chrome/138.0.0.0 Safari/537.36"[39m
[2025-07-24 11:26:50.172 AM] [32minfo[39m: 	[32m::1 - - [24/Jul/2025:05:56:50 +0000] "GET /api/users HTTP/1.1" 304 - "http://localhost:5173/" "Mozilla/5.0 (Windows NT 10.0; Win64; x64) AppleWebKit/537.36 (KHTML, like Gecko) Chrome/138.0.0.0 Safari/537.36"[39m
[2025-07-24 11:26:51.952 AM] [32minfo[39m: 	[32m::1 - - [24/Jul/2025:05:56:51 +0000] "GET /api/users HTTP/1.1" 304 - "http://localhost:5173/" "Mozilla/5.0 (Windows NT 10.0; Win64; x64) AppleWebKit/537.36 (KHTML, like Gecko) Chrome/138.0.0.0 Safari/537.36"[39m
[2025-07-24 11:26:53.190 AM] [32minfo[39m: 	[32m::1 - - [24/Jul/2025:05:56:53 +0000] "GET /api/users HTTP/1.1" 304 - "http://localhost:5173/" "Mozilla/5.0 (Windows NT 10.0; Win64; x64) AppleWebKit/537.36 (KHTML, like Gecko) Chrome/138.0.0.0 Safari/537.36"[39m
[2025-07-24 11:26:56.801 AM] [32minfo[39m: 	[32m::1 - - [24/Jul/2025:05:56:56 +0000] "GET /api/users HTTP/1.1" 304 - "http://localhost:5173/" "Mozilla/5.0 (Windows NT 10.0; Win64; x64) AppleWebKit/537.36 (KHTML, like Gecko) Chrome/138.0.0.0 Safari/537.36"[39m
[2025-07-24 11:27:02.319 AM] [32minfo[39m: 	[32m::1 - - [24/Jul/2025:05:57:02 +0000] "GET /api/users HTTP/1.1" 304 - "http://localhost:5173/" "Mozilla/5.0 (Windows NT 10.0; Win64; x64) AppleWebKit/537.36 (KHTML, like Gecko) Chrome/138.0.0.0 Safari/537.36"[39m
[2025-07-24 11:27:08.371 AM] [32minfo[39m: 	[32m::1 - - [24/Jul/2025:05:57:08 +0000] "GET /api/users HTTP/1.1" 304 - "http://localhost:5173/" "Mozilla/5.0 (Windows NT 10.0; Win64; x64) AppleWebKit/537.36 (KHTML, like Gecko) Chrome/138.0.0.0 Safari/537.36"[39m
[2025-07-24 11:27:11.588 AM] [32minfo[39m: 	[32m::1 - - [24/Jul/2025:05:57:11 +0000] "GET /api/users HTTP/1.1" 304 - "http://localhost:5173/" "Mozilla/5.0 (Windows NT 10.0; Win64; x64) AppleWebKit/537.36 (KHTML, like Gecko) Chrome/138.0.0.0 Safari/537.36"[39m
[2025-07-24 11:27:14.646 AM] [32minfo[39m: 	[32m::1 - - [24/Jul/2025:05:57:14 +0000] "GET /api/users HTTP/1.1" 304 - "http://localhost:5173/" "Mozilla/5.0 (Windows NT 10.0; Win64; x64) AppleWebKit/537.36 (KHTML, like Gecko) Chrome/138.0.0.0 Safari/537.36"[39m
[2025-07-24 11:27:54.417 AM] [32minfo[39m: 	[32m::1 - - [24/Jul/2025:05:57:54 +0000] "GET /api/attendance?employeeId=EMP001&startDate=2025-07-21&endDate=2025-07-26 HTTP/1.1" 200 906 "http://localhost:5173/" "Mozilla/5.0 (Windows NT 10.0; Win64; x64) AppleWebKit/537.36 (KHTML, like Gecko) Chrome/138.0.0.0 Safari/537.36"[39m
[2025-07-24 11:30:48.856 AM] [32minfo[39m: 	[32m::1 - - [24/Jul/2025:06:00:48 +0000] "GET /api/users HTTP/1.1" 304 - "http://localhost:5173/" "Mozilla/5.0 (Windows NT 10.0; Win64; x64) AppleWebKit/537.36 (KHTML, like Gecko) Chrome/138.0.0.0 Safari/537.36"[39m
[2025-07-24 11:30:50.320 AM] [32minfo[39m: 	[32m::1 - - [24/Jul/2025:06:00:50 +0000] "GET /api/users HTTP/1.1" 304 - "http://localhost:5173/" "Mozilla/5.0 (Windows NT 10.0; Win64; x64) AppleWebKit/537.36 (KHTML, like Gecko) Chrome/138.0.0.0 Safari/537.36"[39m
[2025-07-24 11:30:54.882 AM] [32minfo[39m: 	[32m::1 - - [24/Jul/2025:06:00:54 +0000] "GET /api/users HTTP/1.1" 304 - "http://localhost:5173/" "Mozilla/5.0 (Windows NT 10.0; Win64; x64) AppleWebKit/537.36 (KHTML, like Gecko) Chrome/138.0.0.0 Safari/537.36"[39m
[2025-07-24 11:30:56.827 AM] [32minfo[39m: 	[32m::1 - - [24/Jul/2025:06:00:56 +0000] "GET /api/users HTTP/1.1" 304 - "http://localhost:5173/" "Mozilla/5.0 (Windows NT 10.0; Win64; x64) AppleWebKit/537.36 (KHTML, like Gecko) Chrome/138.0.0.0 Safari/537.36"[39m
[2025-07-24 11:31:17.139 AM] [32minfo[39m: 	[32m::1 - - [24/Jul/2025:06:01:17 +0000] "GET /api/users HTTP/1.1" 304 - "http://localhost:5173/" "Mozilla/5.0 (Windows NT 10.0; Win64; x64) AppleWebKit/537.36 (KHTML, like Gecko) Chrome/138.0.0.0 Safari/537.36"[39m
[2025-07-24 11:31:18.989 AM] [32minfo[39m: 	[32m::1 - - [24/Jul/2025:06:01:18 +0000] "GET /api/users HTTP/1.1" 304 - "http://localhost:5173/" "Mozilla/5.0 (Windows NT 10.0; Win64; x64) AppleWebKit/537.36 (KHTML, like Gecko) Chrome/138.0.0.0 Safari/537.36"[39m
[2025-07-24 11:32:24.906 AM] [32minfo[39m: 	[32m::1 - - [24/Jul/2025:06:02:24 +0000] "GET /api/users HTTP/1.1" 304 - "http://localhost:5173/" "Mozilla/5.0 (Windows NT 10.0; Win64; x64) AppleWebKit/537.36 (KHTML, like Gecko) Chrome/138.0.0.0 Safari/537.36"[39m
[2025-07-24 11:32:26.902 AM] [32minfo[39m: 	[32m::1 - - [24/Jul/2025:06:02:26 +0000] "GET /api/users HTTP/1.1" 304 - "http://localhost:5173/" "Mozilla/5.0 (Windows NT 10.0; Win64; x64) AppleWebKit/537.36 (KHTML, like Gecko) Chrome/138.0.0.0 Safari/537.36"[39m
[2025-07-24 11:32:29.950 AM] [32minfo[39m: 	[32m::1 - - [24/Jul/2025:06:02:29 +0000] "GET /api/users HTTP/1.1" 304 - "http://localhost:5173/" "Mozilla/5.0 (Windows NT 10.0; Win64; x64) AppleWebKit/537.36 (KHTML, like Gecko) Chrome/138.0.0.0 Safari/537.36"[39m
[2025-07-24 11:32:33.902 AM] [32minfo[39m: 	[32m::1 - - [24/Jul/2025:06:02:33 +0000] "GET /api/users HTTP/1.1" 304 - "http://localhost:5173/" "Mozilla/5.0 (Windows NT 10.0; Win64; x64) AppleWebKit/537.36 (KHTML, like Gecko) Chrome/138.0.0.0 Safari/537.36"[39m
[2025-07-24 11:33:09.083 AM] [32minfo[39m: 	[32m::1 - - [24/Jul/2025:06:03:09 +0000] "GET /api/users HTTP/1.1" 304 - "http://localhost:5173/" "Mozilla/5.0 (Windows NT 10.0; Win64; x64) AppleWebKit/537.36 (KHTML, like Gecko) Chrome/138.0.0.0 Safari/537.36"[39m
[2025-07-24 11:33:51.893 AM] [32minfo[39m: 	[32m::1 - - [24/Jul/2025:06:03:51 +0000] "GET /api/users HTTP/1.1" 304 - "http://localhost:5173/" "Mozilla/5.0 (Windows NT 10.0; Win64; x64) AppleWebKit/537.36 (KHTML, like Gecko) Chrome/138.0.0.0 Safari/537.36"[39m
[2025-07-24 11:34:02.917 AM] [32minfo[39m: 	[32m::1 - - [24/Jul/2025:06:04:02 +0000] "GET /api/users HTTP/1.1" 304 - "http://localhost:5173/" "Mozilla/5.0 (Windows NT 10.0; Win64; x64) AppleWebKit/537.36 (KHTML, like Gecko) Chrome/138.0.0.0 Safari/537.36"[39m
[2025-07-24 11:34:28.898 AM] [32minfo[39m: 	[32m::1 - - [24/Jul/2025:06:04:28 +0000] "GET /api/users HTTP/1.1" 304 - "http://localhost:5173/" "Mozilla/5.0 (Windows NT 10.0; Win64; x64) AppleWebKit/537.36 (KHTML, like Gecko) Chrome/138.0.0.0 Safari/537.36"[39m
[2025-07-24 11:34:32.968 AM] [32minfo[39m: 	[32m::1 - - [24/Jul/2025:06:04:32 +0000] "GET /api/users HTTP/1.1" 304 - "http://localhost:5173/" "Mozilla/5.0 (Windows NT 10.0; Win64; x64) AppleWebKit/537.36 (KHTML, like Gecko) Chrome/138.0.0.0 Safari/537.36"[39m
[2025-07-24 11:34:33.910 AM] [32minfo[39m: 	[32m::1 - - [24/Jul/2025:06:04:33 +0000] "GET /api/users HTTP/1.1" 304 - "http://localhost:5173/" "Mozilla/5.0 (Windows NT 10.0; Win64; x64) AppleWebKit/537.36 (KHTML, like Gecko) Chrome/138.0.0.0 Safari/537.36"[39m
[2025-07-24 11:34:35.403 AM] [32minfo[39m: 	[32m::1 - - [24/Jul/2025:06:04:35 +0000] "GET /api/users HTTP/1.1" 304 - "http://localhost:5173/" "Mozilla/5.0 (Windows NT 10.0; Win64; x64) AppleWebKit/537.36 (KHTML, like Gecko) Chrome/138.0.0.0 Safari/537.36"[39m
[2025-07-24 11:34:38.532 AM] [32minfo[39m: 	[32m::1 - - [24/Jul/2025:06:04:38 +0000] "GET /api/users HTTP/1.1" 304 - "http://localhost:5173/" "Mozilla/5.0 (Windows NT 10.0; Win64; x64) AppleWebKit/537.36 (KHTML, like Gecko) Chrome/138.0.0.0 Safari/537.36"[39m
[2025-07-24 11:34:45.436 AM] [31merror[39m: 	[31mjwt malformed[39m
[2025-07-24 11:34:45.437 AM] [32minfo[39m: 	[32m::1 - - [24/Jul/2025:06:04:45 +0000] "GET /api/attendance?employeeId[token]=eyJhbGciOiJIUzI1NiIsInR5cCI6IkpXVCJ9.eyJpZCI6IjY4ODFjMGJkM2ZkZDFkYjk1YWI5N2FlOCIsInJvbGUiOiJhZG1pbiIsImlhdCI6MTc1MzMzNTQyNSwiZXhwIjoxNzU1OTI3NDI1fQ.1KkfbrY7FE6Sf--bcbTShYjkbUWop3rK8RFDc7Ot1yc&employeeId[employeeId]=EMP001&employeeId[startDate]=2025-07-21&employeeId[endDate]=2025-07-26 HTTP/1.1" 500 1459 "http://localhost:5173/" "Mozilla/5.0 (Windows NT 10.0; Win64; x64) AppleWebKit/537.36 (KHTML, like Gecko) Chrome/138.0.0.0 Safari/537.36"[39m
[2025-07-24 11:35:04.599 AM] [31merror[39m: 	[31mjwt malformed[39m
[2025-07-24 11:35:04.600 AM] [32minfo[39m: 	[32m::1 - - [24/Jul/2025:06:05:04 +0000] "GET /api/attendance?employeeId[token]=eyJhbGciOiJIUzI1NiIsInR5cCI6IkpXVCJ9.eyJpZCI6IjY4ODFjMGJkM2ZkZDFkYjk1YWI5N2FlOCIsInJvbGUiOiJhZG1pbiIsImlhdCI6MTc1MzMzNTQyNSwiZXhwIjoxNzU1OTI3NDI1fQ.1KkfbrY7FE6Sf--bcbTShYjkbUWop3rK8RFDc7Ot1yc&employeeId[employeeId]=EMP001&employeeId[startDate]=2025-07-21&employeeId[endDate]=2025-07-26 HTTP/1.1" 500 1459 "http://localhost:5173/" "Mozilla/5.0 (Windows NT 10.0; Win64; x64) AppleWebKit/537.36 (KHTML, like Gecko) Chrome/138.0.0.0 Safari/537.36"[39m
[2025-07-24 11:36:18.950 AM] [32minfo[39m: 	[32m::1 - - [24/Jul/2025:06:06:18 +0000] "GET /api/users HTTP/1.1" 304 - "http://localhost:5173/" "Mozilla/5.0 (Windows NT 10.0; Win64; x64) AppleWebKit/537.36 (KHTML, like Gecko) Chrome/138.0.0.0 Safari/537.36"[39m
[2025-07-24 11:36:23.996 AM] [32minfo[39m: 	[32m::1 - - [24/Jul/2025:06:06:23 +0000] "GET /api/attendance?employeeId=EMP001&startDate=2025-07-21&endDate=2025-07-26 HTTP/1.1" 304 - "http://localhost:5173/" "Mozilla/5.0 (Windows NT 10.0; Win64; x64) AppleWebKit/537.36 (KHTML, like Gecko) Chrome/138.0.0.0 Safari/537.36"[39m
[2025-07-24 11:36:24.717 AM] [32minfo[39m: 	[32m::1 - - [24/Jul/2025:06:06:24 +0000] "GET /api/users HTTP/1.1" 304 - "http://localhost:5173/" "Mozilla/5.0 (Windows NT 10.0; Win64; x64) AppleWebKit/537.36 (KHTML, like Gecko) Chrome/138.0.0.0 Safari/537.36"[39m
[2025-07-24 11:36:38.339 AM] [32minfo[39m: 	[32m::1 - - [24/Jul/2025:06:06:38 +0000] "GET /api/users HTTP/1.1" 304 - "http://localhost:5173/" "Mozilla/5.0 (Windows NT 10.0; Win64; x64) AppleWebKit/537.36 (KHTML, like Gecko) Chrome/138.0.0.0 Safari/537.36"[39m
[2025-07-24 11:36:43.541 AM] [32minfo[39m: 	[32m::1 - - [24/Jul/2025:06:06:43 +0000] "GET /api/users HTTP/1.1" 304 - "http://localhost:5173/" "Mozilla/5.0 (Windows NT 10.0; Win64; x64) AppleWebKit/537.36 (KHTML, like Gecko) Chrome/138.0.0.0 Safari/537.36"[39m
[2025-07-24 11:36:45.261 AM] [32minfo[39m: 	[32m::1 - - [24/Jul/2025:06:06:45 +0000] "GET /api/users HTTP/1.1" 304 - "http://localhost:5173/" "Mozilla/5.0 (Windows NT 10.0; Win64; x64) AppleWebKit/537.36 (KHTML, like Gecko) Chrome/138.0.0.0 Safari/537.36"[39m
[2025-07-24 11:39:14.888 AM] [32minfo[39m: 	[32m::1 - - [24/Jul/2025:06:09:14 +0000] "POST /api/attendance/check-in HTTP/1.1" 201 292 "http://localhost:5173/" "Mozilla/5.0 (Windows NT 10.0; Win64; x64) AppleWebKit/537.36 (KHTML, like Gecko) Chrome/138.0.0.0 Safari/537.36"[39m
[2025-07-24 11:39:25.418 AM] [31merror[39m: 	[31mAlready checked in today[39m
[2025-07-24 11:39:25.419 AM] [32minfo[39m: 	[32m::1 - - [24/Jul/2025:06:09:25 +0000] "POST /api/attendance/check-in HTTP/1.1" 400 312 "http://localhost:5173/" "Mozilla/5.0 (Windows NT 10.0; Win64; x64) AppleWebKit/537.36 (KHTML, like Gecko) Chrome/138.0.0.0 Safari/537.36"[39m
[2025-07-24 11:39:27.969 AM] [32minfo[39m: 	[32m::1 - - [24/Jul/2025:06:09:27 +0000] "POST /api/attendance/check-out HTTP/1.1" 200 348 "http://localhost:5173/" "Mozilla/5.0 (Windows NT 10.0; Win64; x64) AppleWebKit/537.36 (KHTML, like Gecko) Chrome/138.0.0.0 Safari/537.36"[39m
[2025-07-24 11:43:34.525 AM] [31merror[39m: 	[31mAlready checked in today[39m
[2025-07-24 11:43:34.526 AM] [32minfo[39m: 	[32m::1 - - [24/Jul/2025:06:13:34 +0000] "POST /api/attendance/check-in HTTP/1.1" 400 312 "http://localhost:5173/" "Mozilla/5.0 (Windows NT 10.0; Win64; x64) AppleWebKit/537.36 (KHTML, like Gecko) Chrome/138.0.0.0 Safari/537.36"[39m
[2025-07-24 11:44:11.989 AM] [32minfo[39m: 	[32m::1 - - [24/Jul/2025:06:14:11 +0000] "POST /api/attendance/check-in HTTP/1.1" 201 292 "http://localhost:5173/" "Mozilla/5.0 (Windows NT 10.0; Win64; x64) AppleWebKit/537.36 (KHTML, like Gecko) Chrome/138.0.0.0 Safari/537.36"[39m
[2025-07-24 11:44:12.000 AM] [31merror[39m: 	[31mjwt malformed[39m
[2025-07-24 11:44:12.001 AM] [32minfo[39m: 	[32m::1 - - [24/Jul/2025:06:14:12 +0000] "GET /api/attendance?employeeId=EMP003&startDate=2025-07-01&endDate=2025-07-24 HTTP/1.1" 500 1459 "http://localhost:5173/" "Mozilla/5.0 (Windows NT 10.0; Win64; x64) AppleWebKit/537.36 (KHTML, like Gecko) Chrome/138.0.0.0 Safari/537.36"[39m
[2025-07-24 11:45:56.041 AM] [32minfo[39m: 	[32m::1 - - [24/Jul/2025:06:15:56 +0000] "POST /api/attendance/check-in HTTP/1.1" 201 292 "http://localhost:5173/" "Mozilla/5.0 (Windows NT 10.0; Win64; x64) AppleWebKit/537.36 (KHTML, like Gecko) Chrome/138.0.0.0 Safari/537.36"[39m
