[2025-07-23 01:22:49.853 PM] [31merror[39m: 	[31mCannot set property query of #<IncomingMessage> which has only a getter[39m
[2025-07-23 01:23:17.852 PM] [31merror[39m: 	[31mCannot set property query of #<IncomingMessage> which has only a getter[39m
[2025-07-23 01:24:07.704 PM] [31merror[39m: 	[31mCannot set property query of #<IncomingMessage> which has only a getter[39m
[2025-07-23 01:25:22.550 PM] [31merror[39m: 	[31mCannot read properties of undefined (reading 'id')[39m
[2025-07-23 03:46:23.913 PM] [31merror[39m: 	[31mCannot read properties of undefined (reading 'id')[39m
[2025-07-23 03:46:49.215 PM] [31merror[39m: 	[31mCannot read properties of undefined (reading 'id')[39m
[2025-07-23 03:46:58.282 PM] [31merror[39m: 	[31mEmail already in use[39m
[2025-07-23 03:47:33.704 PM] [31merror[39m: 	[31mCannot read properties of undefined (reading 'id')[39m
[2025-07-23 04:25:59.582 PM] [31merror[39m: 	[31mEmail already in use[39m
[2025-07-23 04:26:39.592 PM] [31merror[39m: 	[31mUser validation failed: birthday: Path `birthday` is required., gender: Path `gender` is required.[39m
[2025-07-23 04:31:38.572 PM] [31merror[39m: 	[31mUser no longer exists[39m
[2025-07-23 04:32:03.641 PM] [31merror[39m: 	[31mUser no longer exists[39m
[2025-07-23 04:33:54.830 PM] [31merror[39m: 	[31mNot authorized to access this route[39m
[2025-07-23 04:34:22.632 PM] [31merror[39m: 	[31mNot authorized to access this route[39m
[2025-07-23 04:36:23.735 PM] [31merror[39m: 	[31mNot authorized to access this route[39m
[2025-07-23 04:38:50.792 PM] [31merror[39m: 	[31mUser not found[39m
[2025-07-23 04:39:58.376 PM] [31merror[39m: 	[31mUser not found[39m
[2025-07-23 04:40:29.914 PM] [31merror[39m: 	[31mNot authorized to access this route[39m
[2025-07-23 05:31:42.549 PM] [31merror[39m: 	[31mUser no longer exists[39m
[2025-07-23 05:31:56.356 PM] [31merror[39m: 	[31mUser no longer exists[39m
[2025-07-23 05:33:48.627 PM] [31merror[39m: 	[31mAlready checked in today[39m
[2025-07-23 05:35:25.141 PM] [31merror[39m: 	[31mCast to ObjectId failed for value "EMP003" (type string) at path "_id" for model "User"[39m
[2025-07-23 05:35:32.243 PM] [31merror[39m: 	[31mCast to ObjectId failed for value "EMP003" (type string) at path "_id" for model "User"[39m
[2025-07-23 05:38:22.250 PM] [31merror[39m: 	[31mAlready checked in today[39m
[2025-07-23 05:39:46.536 PM] [31merror[39m: 	[31mCast to ObjectId failed for value "EMP004" (type string) at path "_id" for model "User"[39m
[2025-07-23 05:41:38.305 PM] [31merror[39m: 	[31mCast to ObjectId failed for value "EMP003" (type string) at path "_id" for model "User"[39m
[2025-07-23 05:43:04.422 PM] [31merror[39m: 	[31mCast to ObjectId failed for value "EMP003" (type string) at path "_id" for model "User"[39m
[2025-07-23 05:45:39.131 PM] [31merror[39m: 	[31mError connecting to MongoDB: querySrv ENOTFOUND _mongodb._tcp.employee-attendance-man.mbnyxek.mongodb.net[39m
[2025-07-23 05:45:52.092 PM] [31merror[39m: 	[31mCast to ObjectId failed for value "EMP003" (type string) at path "_id" for model "User"[39m
[2025-07-23 05:46:41.299 PM] [31merror[39m: 	[31mError connecting to MongoDB: querySrv ENOTFOUND _mongodb._tcp.employee-attendance-man.mbnyxek.mongodb.net[39m
